2025-03-10T08:46:35.949-05:00  INFO 39520 --- [dalp] [restartedMain] com.prestamo.dalp.DalpApplication        : Starting DalpApplication using Java 21.0.2 with PID 39520 (C:\CrediDalpBackend\target\classes started by dayer in C:\CrediDalpBackend)
2025-03-10T08:46:35.957-05:00  INFO 39520 --- [dalp] [restartedMain] com.prestamo.dalp.DalpApplication        : No active profile set, falling back to 1 default profile: "default"
2025-03-10T08:46:36.085-05:00  INFO 39520 --- [dalp] [restartedMain] .e.DevToolsPropertyDefaultsPostProcessor : Devtools property defaults active! Set 'spring.devtools.add-properties' to 'false' to disable
2025-03-10T08:46:36.087-05:00  INFO 39520 --- [dalp] [restartedMain] .e.DevToolsPropertyDefaultsPostProcessor : For additional web related logging consider setting the 'logging.level.web' property to 'DEBUG'
2025-03-10T08:46:38.192-05:00  INFO 39520 --- [dalp] [restartedMain] .s.d.r.c.RepositoryConfigurationDelegate : Bootstrapping Spring Data JPA repositories in DEFAULT mode.
2025-03-10T08:46:38.549-05:00  INFO 39520 --- [dalp] [restartedMain] .s.d.r.c.RepositoryConfigurationDelegate : Finished Spring Data repository scanning in 309 ms. Found 10 JPA repository interfaces.
2025-03-10T08:46:40.419-05:00  INFO 39520 --- [dalp] [restartedMain] o.s.b.w.embedded.tomcat.TomcatWebServer  : Tomcat initialized with port 8080 (http)
2025-03-10T08:46:40.450-05:00  INFO 39520 --- [dalp] [restartedMain] o.apache.catalina.core.StandardService   : Starting service [Tomcat]
2025-03-10T08:46:40.451-05:00  INFO 39520 --- [dalp] [restartedMain] o.apache.catalina.core.StandardEngine    : Starting Servlet engine: [Apache Tomcat/10.1.36]
2025-03-10T08:46:40.558-05:00  INFO 39520 --- [dalp] [restartedMain] o.a.c.c.C.[Tomcat].[localhost].[/]       : Initializing Spring embedded WebApplicationContext
2025-03-10T08:46:40.559-05:00  INFO 39520 --- [dalp] [restartedMain] w.s.c.ServletWebServerApplicationContext : Root WebApplicationContext: initialization completed in 4471 ms
2025-03-10T08:46:41.073-05:00  INFO 39520 --- [dalp] [restartedMain] o.hibernate.jpa.internal.util.LogHelper  : HHH000204: Processing PersistenceUnitInfo [name: default]
2025-03-10T08:46:41.216-05:00  INFO 39520 --- [dalp] [restartedMain] org.hibernate.Version                    : HHH000412: Hibernate ORM core version 6.6.8.Final
2025-03-10T08:46:41.293-05:00  INFO 39520 --- [dalp] [restartedMain] o.h.c.internal.RegionFactoryInitiator    : HHH000026: Second-level cache disabled
2025-03-10T08:46:42.047-05:00  INFO 39520 --- [dalp] [restartedMain] o.s.o.j.p.SpringPersistenceUnitInfo      : No LoadTimeWeaver setup: ignoring JPA class transformer
2025-03-10T08:46:42.125-05:00  INFO 39520 --- [dalp] [restartedMain] com.zaxxer.hikari.HikariDataSource       : HikariPool-1 - Starting...
2025-03-10T08:46:42.764-05:00  INFO 39520 --- [dalp] [restartedMain] com.zaxxer.hikari.pool.HikariPool        : HikariPool-1 - Added connection ConnectionID:1 ClientConnectionId: 7d7d0539-4233-4c7d-bcc9-c204c00ca6e1
2025-03-10T08:46:42.768-05:00  INFO 39520 --- [dalp] [restartedMain] com.zaxxer.hikari.HikariDataSource       : HikariPool-1 - Start completed.
2025-03-10T08:46:42.829-05:00  WARN 39520 --- [dalp] [restartedMain] org.hibernate.orm.deprecation            : HHH90000025: SQLServer2012Dialect does not need to be specified explicitly using 'hibernate.dialect' (remove the property setting and it will be selected by default)
2025-03-10T08:46:42.831-05:00  WARN 39520 --- [dalp] [restartedMain] org.hibernate.orm.deprecation            : HHH90000026: SQLServer2012Dialect has been deprecated; use org.hibernate.dialect.SQLServerDialect instead
2025-03-10T08:46:42.880-05:00  INFO 39520 --- [dalp] [restartedMain] org.hibernate.orm.connections.pooling    : HHH10001005: Database info:
	Database JDBC URL [Connecting through datasource 'HikariDataSource (HikariPool-1)']
	Database driver: undefined/unknown
	Database version: 11.0
	Autocommit mode: undefined/unknown
	Isolation level: undefined/unknown
	Minimum pool size: undefined/unknown
	Maximum pool size: undefined/unknown
2025-03-10T08:46:45.810-05:00  INFO 39520 --- [dalp] [restartedMain] o.h.e.t.j.p.i.JtaPlatformInitiator       : HHH000489: No JTA platform available (set 'hibernate.transaction.jta.platform' to enable JTA platform integration)
2025-03-10T08:46:47.791-05:00  INFO 39520 --- [dalp] [restartedMain] j.LocalContainerEntityManagerFactoryBean : Initialized JPA EntityManagerFactory for persistence unit 'default'
2025-03-10T08:46:48.795-05:00  INFO 39520 --- [dalp] [restartedMain] o.s.d.j.r.query.QueryEnhancerFactory     : Hibernate is in classpath; If applicable, HQL parser will be used.
2025-03-10T08:46:51.427-05:00  WARN 39520 --- [dalp] [restartedMain] JpaBaseConfiguration$JpaWebConfiguration : spring.jpa.open-in-view is enabled by default. Therefore, database queries may be performed during view rendering. Explicitly configure spring.jpa.open-in-view to disable this warning
2025-03-10T08:46:51.502-05:00  INFO 39520 --- [dalp] [restartedMain] r$InitializeUserDetailsManagerConfigurer : Global AuthenticationManager configured with UserDetailsService bean with name userDetailsService
2025-03-10T08:46:52.483-05:00 DEBUG 39520 --- [dalp] [restartedMain] o.s.s.web.DefaultSecurityFilterChain     : Will secure any request with filters: DisableEncodeUrlFilter, WebAsyncManagerIntegrationFilter, SecurityContextHolderFilter, HeaderWriterFilter, LogoutFilter, RequestCacheAwareFilter, SecurityContextHolderAwareRequestFilter, AnonymousAuthenticationFilter, ExceptionTranslationFilter, AuthorizationFilter
2025-03-10T08:46:52.605-05:00  INFO 39520 --- [dalp] [restartedMain] o.s.v.b.OptionalValidatorFactoryBean     : Failed to set up a Bean Validation provider: jakarta.validation.NoProviderFoundException: Unable to create a Configuration, because no Jakarta Bean Validation provider could be found. Add a provider like Hibernate Validator (RI) to your classpath.
2025-03-10T08:46:53.123-05:00  INFO 39520 --- [dalp] [restartedMain] o.s.b.d.a.OptionalLiveReloadServer       : LiveReload server is running on port 35729
2025-03-10T08:46:53.228-05:00  INFO 39520 --- [dalp] [restartedMain] o.s.b.w.embedded.tomcat.TomcatWebServer  : Tomcat started on port 8080 (http) with context path '/'
2025-03-10T08:46:53.271-05:00  INFO 39520 --- [dalp] [restartedMain] com.prestamo.dalp.DalpApplication        : Started DalpApplication in 18.748 seconds (process running for 19.97)
2025-03-10T08:47:22.284-05:00  INFO 39520 --- [dalp] [http-nio-8080-exec-1] o.a.c.c.C.[Tomcat].[localhost].[/]       : Initializing Spring DispatcherServlet 'dispatcherServlet'
2025-03-10T08:47:22.285-05:00  INFO 39520 --- [dalp] [http-nio-8080-exec-1] o.s.web.servlet.DispatcherServlet        : Initializing Servlet 'dispatcherServlet'
2025-03-10T08:47:22.289-05:00  INFO 39520 --- [dalp] [http-nio-8080-exec-1] o.s.web.servlet.DispatcherServlet        : Completed initialization in 3 ms
2025-03-10T08:47:22.330-05:00 DEBUG 39520 --- [dalp] [http-nio-8080-exec-1] o.s.security.web.FilterChainProxy        : Securing OPTIONS /api/group-payments/1
2025-03-10T08:47:22.346-05:00 DEBUG 39520 --- [dalp] [http-nio-8080-exec-1] o.s.security.web.FilterChainProxy        : Secured OPTIONS /api/group-payments/1
2025-03-10T08:47:22.400-05:00 DEBUG 39520 --- [dalp] [http-nio-8080-exec-1] o.s.s.w.a.AnonymousAuthenticationFilter  : Set SecurityContextHolder to anonymous SecurityContext
2025-03-10T08:47:22.417-05:00 DEBUG 39520 --- [dalp] [http-nio-8080-exec-2] o.s.security.web.FilterChainProxy        : Securing PUT /api/group-payments/1
2025-03-10T08:47:22.419-05:00 DEBUG 39520 --- [dalp] [http-nio-8080-exec-2] o.s.security.web.FilterChainProxy        : Secured PUT /api/group-payments/1
2025-03-10T08:47:23.003-05:00 DEBUG 39520 --- [dalp] [http-nio-8080-exec-2] o.s.s.w.a.AnonymousAuthenticationFilter  : Set SecurityContextHolder to anonymous SecurityContext
2025-03-10T08:47:36.349-05:00 DEBUG 39520 --- [dalp] [http-nio-8080-exec-4] o.s.security.web.FilterChainProxy        : Securing GET /api/group-payments/1
2025-03-10T08:47:36.355-05:00 DEBUG 39520 --- [dalp] [http-nio-8080-exec-4] o.s.security.web.FilterChainProxy        : Secured GET /api/group-payments/1
2025-03-10T08:47:36.403-05:00 DEBUG 39520 --- [dalp] [http-nio-8080-exec-4] o.s.s.w.a.AnonymousAuthenticationFilter  : Set SecurityContextHolder to anonymous SecurityContext
2025-03-10T08:47:36.436-05:00 DEBUG 39520 --- [dalp] [http-nio-8080-exec-5] o.s.security.web.FilterChainProxy        : Securing GET /api/clients/2
2025-03-10T08:47:36.437-05:00 DEBUG 39520 --- [dalp] [http-nio-8080-exec-3] o.s.security.web.FilterChainProxy        : Securing GET /api/clients/3
2025-03-10T08:47:36.438-05:00 DEBUG 39520 --- [dalp] [http-nio-8080-exec-3] o.s.security.web.FilterChainProxy        : Secured GET /api/clients/3
2025-03-10T08:47:36.438-05:00 DEBUG 39520 --- [dalp] [http-nio-8080-exec-5] o.s.security.web.FilterChainProxy        : Secured GET /api/clients/2
2025-03-10T08:47:36.448-05:00 DEBUG 39520 --- [dalp] [http-nio-8080-exec-6] o.s.security.web.FilterChainProxy        : Securing GET /api/clients/4
2025-03-10T08:47:36.449-05:00 DEBUG 39520 --- [dalp] [http-nio-8080-exec-6] o.s.security.web.FilterChainProxy        : Secured GET /api/clients/4
2025-03-10T08:47:36.487-05:00 DEBUG 39520 --- [dalp] [http-nio-8080-exec-5] o.s.s.w.a.AnonymousAuthenticationFilter  : Set SecurityContextHolder to anonymous SecurityContext
2025-03-10T08:47:36.488-05:00 DEBUG 39520 --- [dalp] [http-nio-8080-exec-6] o.s.s.w.a.AnonymousAuthenticationFilter  : Set SecurityContextHolder to anonymous SecurityContext
2025-03-10T08:47:36.491-05:00 DEBUG 39520 --- [dalp] [http-nio-8080-exec-3] o.s.s.w.a.AnonymousAuthenticationFilter  : Set SecurityContextHolder to anonymous SecurityContext
2025-03-10T08:47:38.173-05:00 DEBUG 39520 --- [dalp] [http-nio-8080-exec-8] o.s.security.web.FilterChainProxy        : Securing GET /api/group-payments/1
2025-03-10T08:47:38.177-05:00 DEBUG 39520 --- [dalp] [http-nio-8080-exec-8] o.s.security.web.FilterChainProxy        : Secured GET /api/group-payments/1
2025-03-10T08:47:38.251-05:00 DEBUG 39520 --- [dalp] [http-nio-8080-exec-8] o.s.s.w.a.AnonymousAuthenticationFilter  : Set SecurityContextHolder to anonymous SecurityContext
2025-03-10T08:47:38.293-05:00 DEBUG 39520 --- [dalp] [http-nio-8080-exec-7] o.s.security.web.FilterChainProxy        : Securing GET /api/clients/2
2025-03-10T08:47:38.294-05:00 DEBUG 39520 --- [dalp] [http-nio-8080-exec-9] o.s.security.web.FilterChainProxy        : Securing GET /api/clients/4
2025-03-10T08:47:38.294-05:00 DEBUG 39520 --- [dalp] [http-nio-8080-exec-7] o.s.security.web.FilterChainProxy        : Secured GET /api/clients/2
2025-03-10T08:47:38.300-05:00 DEBUG 39520 --- [dalp] [http-nio-8080-exec-9] o.s.security.web.FilterChainProxy        : Secured GET /api/clients/4
2025-03-10T08:47:38.305-05:00 DEBUG 39520 --- [dalp] [http-nio-8080-exec-10] o.s.security.web.FilterChainProxy        : Securing GET /api/clients/3
2025-03-10T08:47:38.313-05:00 DEBUG 39520 --- [dalp] [http-nio-8080-exec-10] o.s.security.web.FilterChainProxy        : Secured GET /api/clients/3
2025-03-10T08:47:38.345-05:00 DEBUG 39520 --- [dalp] [http-nio-8080-exec-9] o.s.s.w.a.AnonymousAuthenticationFilter  : Set SecurityContextHolder to anonymous SecurityContext
2025-03-10T08:47:38.350-05:00 DEBUG 39520 --- [dalp] [http-nio-8080-exec-10] o.s.s.w.a.AnonymousAuthenticationFilter  : Set SecurityContextHolder to anonymous SecurityContext
2025-03-10T08:47:38.358-05:00 DEBUG 39520 --- [dalp] [http-nio-8080-exec-7] o.s.s.w.a.AnonymousAuthenticationFilter  : Set SecurityContextHolder to anonymous SecurityContext
2025-03-10T08:47:53.914-05:00 DEBUG 39520 --- [dalp] [http-nio-8080-exec-1] o.s.security.web.FilterChainProxy        : Securing GET /api/clients
2025-03-10T08:47:53.916-05:00 DEBUG 39520 --- [dalp] [http-nio-8080-exec-1] o.s.security.web.FilterChainProxy        : Secured GET /api/clients
2025-03-10T08:47:54.143-05:00 DEBUG 39520 --- [dalp] [http-nio-8080-exec-1] o.s.s.w.a.AnonymousAuthenticationFilter  : Set SecurityContextHolder to anonymous SecurityContext
2025-03-10T08:48:05.317-05:00 DEBUG 39520 --- [dalp] [http-nio-8080-exec-2] o.s.security.web.FilterChainProxy        : Securing PUT /api/group-payments/1
2025-03-10T08:48:05.317-05:00 DEBUG 39520 --- [dalp] [http-nio-8080-exec-2] o.s.security.web.FilterChainProxy        : Secured PUT /api/group-payments/1
2025-03-10T08:48:05.387-05:00 DEBUG 39520 --- [dalp] [http-nio-8080-exec-2] o.s.s.w.a.AnonymousAuthenticationFilter  : Set SecurityContextHolder to anonymous SecurityContext
2025-03-10T08:48:23.512-05:00 DEBUG 39520 --- [dalp] [http-nio-8080-exec-4] o.s.security.web.FilterChainProxy        : Securing GET /api/group-payments/1
2025-03-10T08:48:23.522-05:00 DEBUG 39520 --- [dalp] [http-nio-8080-exec-4] o.s.security.web.FilterChainProxy        : Secured GET /api/group-payments/1
2025-03-10T08:48:23.580-05:00 DEBUG 39520 --- [dalp] [http-nio-8080-exec-4] o.s.s.w.a.AnonymousAuthenticationFilter  : Set SecurityContextHolder to anonymous SecurityContext
2025-03-10T08:48:23.606-05:00 DEBUG 39520 --- [dalp] [http-nio-8080-exec-6] o.s.security.web.FilterChainProxy        : Securing GET /api/clients/3
2025-03-10T08:48:23.606-05:00 DEBUG 39520 --- [dalp] [http-nio-8080-exec-5] o.s.security.web.FilterChainProxy        : Securing GET /api/clients/2
2025-03-10T08:48:23.607-05:00 DEBUG 39520 --- [dalp] [http-nio-8080-exec-3] o.s.security.web.FilterChainProxy        : Securing GET /api/clients/4
2025-03-10T08:48:23.608-05:00 DEBUG 39520 --- [dalp] [http-nio-8080-exec-6] o.s.security.web.FilterChainProxy        : Secured GET /api/clients/3
2025-03-10T08:48:23.609-05:00 DEBUG 39520 --- [dalp] [http-nio-8080-exec-5] o.s.security.web.FilterChainProxy        : Secured GET /api/clients/2
2025-03-10T08:48:23.609-05:00 DEBUG 39520 --- [dalp] [http-nio-8080-exec-3] o.s.security.web.FilterChainProxy        : Secured GET /api/clients/4
2025-03-10T08:48:23.643-05:00 DEBUG 39520 --- [dalp] [http-nio-8080-exec-3] o.s.s.w.a.AnonymousAuthenticationFilter  : Set SecurityContextHolder to anonymous SecurityContext
2025-03-10T08:48:23.644-05:00 DEBUG 39520 --- [dalp] [http-nio-8080-exec-5] o.s.s.w.a.AnonymousAuthenticationFilter  : Set SecurityContextHolder to anonymous SecurityContext
2025-03-10T08:48:23.646-05:00 DEBUG 39520 --- [dalp] [http-nio-8080-exec-6] o.s.s.w.a.AnonymousAuthenticationFilter  : Set SecurityContextHolder to anonymous SecurityContext
2025-03-10T08:48:23.653-05:00 DEBUG 39520 --- [dalp] [http-nio-8080-exec-8] o.s.security.web.FilterChainProxy        : Securing GET /api/clients/4
2025-03-10T08:48:23.656-05:00 DEBUG 39520 --- [dalp] [http-nio-8080-exec-8] o.s.security.web.FilterChainProxy        : Secured GET /api/clients/4
2025-03-10T08:48:23.677-05:00 DEBUG 39520 --- [dalp] [http-nio-8080-exec-8] o.s.s.w.a.AnonymousAuthenticationFilter  : Set SecurityContextHolder to anonymous SecurityContext
2025-03-10T08:48:27.159-05:00 DEBUG 39520 --- [dalp] [http-nio-8080-exec-9] o.s.security.web.FilterChainProxy        : Securing GET /api/clients
2025-03-10T08:48:27.160-05:00 DEBUG 39520 --- [dalp] [http-nio-8080-exec-9] o.s.security.web.FilterChainProxy        : Secured GET /api/clients
2025-03-10T08:48:27.215-05:00 DEBUG 39520 --- [dalp] [http-nio-8080-exec-9] o.s.s.w.a.AnonymousAuthenticationFilter  : Set SecurityContextHolder to anonymous SecurityContext
2025-03-10T08:48:38.120-05:00 DEBUG 39520 --- [dalp] [http-nio-8080-exec-10] o.s.security.web.FilterChainProxy        : Securing PUT /api/group-payments/1
2025-03-10T08:48:38.121-05:00 DEBUG 39520 --- [dalp] [http-nio-8080-exec-10] o.s.security.web.FilterChainProxy        : Secured PUT /api/group-payments/1
2025-03-10T08:48:38.168-05:00 DEBUG 39520 --- [dalp] [http-nio-8080-exec-10] o.s.s.w.a.AnonymousAuthenticationFilter  : Set SecurityContextHolder to anonymous SecurityContext
2025-03-10T08:48:39.350-05:00 DEBUG 39520 --- [dalp] [http-nio-8080-exec-7] o.s.security.web.FilterChainProxy        : Securing PUT /api/group-payments/1
2025-03-10T08:48:39.351-05:00 DEBUG 39520 --- [dalp] [http-nio-8080-exec-7] o.s.security.web.FilterChainProxy        : Secured PUT /api/group-payments/1
2025-03-10T08:48:39.399-05:00 DEBUG 39520 --- [dalp] [http-nio-8080-exec-7] o.s.s.w.a.AnonymousAuthenticationFilter  : Set SecurityContextHolder to anonymous SecurityContext
2025-03-10T08:48:42.949-05:00 DEBUG 39520 --- [dalp] [http-nio-8080-exec-1] o.s.security.web.FilterChainProxy        : Securing GET /api/group-payments/1
2025-03-10T08:48:42.954-05:00 DEBUG 39520 --- [dalp] [http-nio-8080-exec-1] o.s.security.web.FilterChainProxy        : Secured GET /api/group-payments/1
2025-03-10T08:48:42.986-05:00 DEBUG 39520 --- [dalp] [http-nio-8080-exec-1] o.s.s.w.a.AnonymousAuthenticationFilter  : Set SecurityContextHolder to anonymous SecurityContext
2025-03-10T08:48:43.035-05:00 DEBUG 39520 --- [dalp] [http-nio-8080-exec-4] o.s.security.web.FilterChainProxy        : Securing GET /api/clients/4
2025-03-10T08:48:43.036-05:00 DEBUG 39520 --- [dalp] [http-nio-8080-exec-2] o.s.security.web.FilterChainProxy        : Securing GET /api/clients/2
2025-03-10T08:48:43.037-05:00 DEBUG 39520 --- [dalp] [http-nio-8080-exec-3] o.s.security.web.FilterChainProxy        : Securing GET /api/clients/3
2025-03-10T08:48:43.039-05:00 DEBUG 39520 --- [dalp] [http-nio-8080-exec-3] o.s.security.web.FilterChainProxy        : Secured GET /api/clients/3
2025-03-10T08:48:43.038-05:00 DEBUG 39520 --- [dalp] [http-nio-8080-exec-4] o.s.security.web.FilterChainProxy        : Secured GET /api/clients/4
2025-03-10T08:48:43.039-05:00 DEBUG 39520 --- [dalp] [http-nio-8080-exec-2] o.s.security.web.FilterChainProxy        : Secured GET /api/clients/2
2025-03-10T08:48:43.060-05:00 DEBUG 39520 --- [dalp] [http-nio-8080-exec-3] o.s.s.w.a.AnonymousAuthenticationFilter  : Set SecurityContextHolder to anonymous SecurityContext
2025-03-10T08:48:43.060-05:00 DEBUG 39520 --- [dalp] [http-nio-8080-exec-2] o.s.s.w.a.AnonymousAuthenticationFilter  : Set SecurityContextHolder to anonymous SecurityContext
2025-03-10T08:48:43.066-05:00 DEBUG 39520 --- [dalp] [http-nio-8080-exec-6] o.s.security.web.FilterChainProxy        : Securing GET /api/clients/3
2025-03-10T08:48:43.068-05:00 DEBUG 39520 --- [dalp] [http-nio-8080-exec-6] o.s.security.web.FilterChainProxy        : Secured GET /api/clients/3
2025-03-10T08:48:43.069-05:00 DEBUG 39520 --- [dalp] [http-nio-8080-exec-4] o.s.s.w.a.AnonymousAuthenticationFilter  : Set SecurityContextHolder to anonymous SecurityContext
2025-03-10T08:48:43.076-05:00 DEBUG 39520 --- [dalp] [http-nio-8080-exec-5] o.s.security.web.FilterChainProxy        : Securing GET /api/clients/4
2025-03-10T08:48:43.077-05:00 DEBUG 39520 --- [dalp] [http-nio-8080-exec-5] o.s.security.web.FilterChainProxy        : Secured GET /api/clients/4
2025-03-10T08:48:43.082-05:00 DEBUG 39520 --- [dalp] [http-nio-8080-exec-6] o.s.s.w.a.AnonymousAuthenticationFilter  : Set SecurityContextHolder to anonymous SecurityContext
2025-03-10T08:48:43.090-05:00 DEBUG 39520 --- [dalp] [http-nio-8080-exec-5] o.s.s.w.a.AnonymousAuthenticationFilter  : Set SecurityContextHolder to anonymous SecurityContext
2025-03-10T08:55:12.724-05:00 DEBUG 39520 --- [dalp] [http-nio-8080-exec-1] o.s.security.web.FilterChainProxy        : Securing GET /api/group-payments/1
2025-03-10T08:55:12.730-05:00 DEBUG 39520 --- [dalp] [http-nio-8080-exec-1] o.s.security.web.FilterChainProxy        : Secured GET /api/group-payments/1
2025-03-10T08:55:12.825-05:00 DEBUG 39520 --- [dalp] [http-nio-8080-exec-1] o.s.s.w.a.AnonymousAuthenticationFilter  : Set SecurityContextHolder to anonymous SecurityContext
2025-03-10T08:55:12.843-05:00 DEBUG 39520 --- [dalp] [http-nio-8080-exec-3] o.s.security.web.FilterChainProxy        : Securing GET /api/clients/2
2025-03-10T08:55:12.849-05:00 DEBUG 39520 --- [dalp] [http-nio-8080-exec-4] o.s.security.web.FilterChainProxy        : Securing GET /api/clients/3
2025-03-10T08:55:12.849-05:00 DEBUG 39520 --- [dalp] [http-nio-8080-exec-2] o.s.security.web.FilterChainProxy        : Securing GET /api/clients/4
2025-03-10T08:55:12.850-05:00 DEBUG 39520 --- [dalp] [http-nio-8080-exec-3] o.s.security.web.FilterChainProxy        : Secured GET /api/clients/2
2025-03-10T08:55:12.851-05:00 DEBUG 39520 --- [dalp] [http-nio-8080-exec-2] o.s.security.web.FilterChainProxy        : Secured GET /api/clients/4
2025-03-10T08:55:12.851-05:00 DEBUG 39520 --- [dalp] [http-nio-8080-exec-4] o.s.security.web.FilterChainProxy        : Secured GET /api/clients/3
2025-03-10T08:55:12.890-05:00 DEBUG 39520 --- [dalp] [http-nio-8080-exec-2] o.s.s.w.a.AnonymousAuthenticationFilter  : Set SecurityContextHolder to anonymous SecurityContext
2025-03-10T08:55:12.890-05:00 DEBUG 39520 --- [dalp] [http-nio-8080-exec-4] o.s.s.w.a.AnonymousAuthenticationFilter  : Set SecurityContextHolder to anonymous SecurityContext
2025-03-10T08:55:12.890-05:00 DEBUG 39520 --- [dalp] [http-nio-8080-exec-3] o.s.s.w.a.AnonymousAuthenticationFilter  : Set SecurityContextHolder to anonymous SecurityContext
2025-03-10T08:55:12.900-05:00 DEBUG 39520 --- [dalp] [http-nio-8080-exec-5] o.s.security.web.FilterChainProxy        : Securing GET /api/clients/3
2025-03-10T08:55:12.901-05:00 DEBUG 39520 --- [dalp] [http-nio-8080-exec-6] o.s.security.web.FilterChainProxy        : Securing GET /api/clients/4
2025-03-10T08:55:12.903-05:00 DEBUG 39520 --- [dalp] [http-nio-8080-exec-6] o.s.security.web.FilterChainProxy        : Secured GET /api/clients/4
2025-03-10T08:55:12.907-05:00 DEBUG 39520 --- [dalp] [http-nio-8080-exec-5] o.s.security.web.FilterChainProxy        : Secured GET /api/clients/3
2025-03-10T08:55:12.923-05:00 DEBUG 39520 --- [dalp] [http-nio-8080-exec-5] o.s.s.w.a.AnonymousAuthenticationFilter  : Set SecurityContextHolder to anonymous SecurityContext
2025-03-10T08:55:12.923-05:00 DEBUG 39520 --- [dalp] [http-nio-8080-exec-6] o.s.s.w.a.AnonymousAuthenticationFilter  : Set SecurityContextHolder to anonymous SecurityContext
2025-03-10T09:13:10.298-05:00 DEBUG 39520 --- [dalp] [http-nio-8080-exec-1] o.s.security.web.FilterChainProxy        : Securing GET /api/group-payments/1
2025-03-10T09:13:10.301-05:00 DEBUG 39520 --- [dalp] [http-nio-8080-exec-1] o.s.security.web.FilterChainProxy        : Secured GET /api/group-payments/1
2025-03-10T09:13:10.432-05:00 DEBUG 39520 --- [dalp] [http-nio-8080-exec-1] o.s.s.w.a.AnonymousAuthenticationFilter  : Set SecurityContextHolder to anonymous SecurityContext
2025-03-10T09:13:10.451-05:00 DEBUG 39520 --- [dalp] [http-nio-8080-exec-2] o.s.security.web.FilterChainProxy        : Securing GET /api/clients/2
2025-03-10T09:13:10.453-05:00 DEBUG 39520 --- [dalp] [http-nio-8080-exec-2] o.s.security.web.FilterChainProxy        : Secured GET /api/clients/2
2025-03-10T09:13:10.453-05:00 DEBUG 39520 --- [dalp] [http-nio-8080-exec-3] o.s.security.web.FilterChainProxy        : Securing GET /api/clients/4
2025-03-10T09:13:10.453-05:00 DEBUG 39520 --- [dalp] [http-nio-8080-exec-4] o.s.security.web.FilterChainProxy        : Securing GET /api/clients/3
2025-03-10T09:13:10.454-05:00 DEBUG 39520 --- [dalp] [http-nio-8080-exec-3] o.s.security.web.FilterChainProxy        : Secured GET /api/clients/4
2025-03-10T09:13:10.454-05:00 DEBUG 39520 --- [dalp] [http-nio-8080-exec-4] o.s.security.web.FilterChainProxy        : Secured GET /api/clients/3
2025-03-10T09:13:10.479-05:00 DEBUG 39520 --- [dalp] [http-nio-8080-exec-3] o.s.s.w.a.AnonymousAuthenticationFilter  : Set SecurityContextHolder to anonymous SecurityContext
2025-03-10T09:13:10.480-05:00 DEBUG 39520 --- [dalp] [http-nio-8080-exec-4] o.s.s.w.a.AnonymousAuthenticationFilter  : Set SecurityContextHolder to anonymous SecurityContext
2025-03-10T09:13:10.486-05:00 DEBUG 39520 --- [dalp] [http-nio-8080-exec-2] o.s.s.w.a.AnonymousAuthenticationFilter  : Set SecurityContextHolder to anonymous SecurityContext
2025-03-10T09:13:10.488-05:00 DEBUG 39520 --- [dalp] [http-nio-8080-exec-2] o.s.security.web.FilterChainProxy        : Securing GET /api/clients/3
2025-03-10T09:13:10.488-05:00 DEBUG 39520 --- [dalp] [http-nio-8080-exec-6] o.s.security.web.FilterChainProxy        : Securing GET /api/clients/4
2025-03-10T09:13:10.489-05:00 DEBUG 39520 --- [dalp] [http-nio-8080-exec-2] o.s.security.web.FilterChainProxy        : Secured GET /api/clients/3
2025-03-10T09:13:10.489-05:00 DEBUG 39520 --- [dalp] [http-nio-8080-exec-6] o.s.security.web.FilterChainProxy        : Secured GET /api/clients/4
2025-03-10T09:13:10.527-05:00 DEBUG 39520 --- [dalp] [http-nio-8080-exec-6] o.s.s.w.a.AnonymousAuthenticationFilter  : Set SecurityContextHolder to anonymous SecurityContext
2025-03-10T09:13:10.530-05:00 DEBUG 39520 --- [dalp] [http-nio-8080-exec-2] o.s.s.w.a.AnonymousAuthenticationFilter  : Set SecurityContextHolder to anonymous SecurityContext
2025-03-10T09:13:35.399-05:00 DEBUG 39520 --- [dalp] [http-nio-8080-exec-9] o.s.security.web.FilterChainProxy        : Securing GET /api/group-payments/1
2025-03-10T09:13:35.401-05:00 DEBUG 39520 --- [dalp] [http-nio-8080-exec-9] o.s.security.web.FilterChainProxy        : Secured GET /api/group-payments/1
2025-03-10T09:13:35.453-05:00 DEBUG 39520 --- [dalp] [http-nio-8080-exec-9] o.s.s.w.a.AnonymousAuthenticationFilter  : Set SecurityContextHolder to anonymous SecurityContext
2025-03-10T09:13:35.501-05:00 DEBUG 39520 --- [dalp] [http-nio-8080-exec-10] o.s.security.web.FilterChainProxy        : Securing GET /api/clients/3
2025-03-10T09:13:35.502-05:00 DEBUG 39520 --- [dalp] [http-nio-8080-exec-7] o.s.security.web.FilterChainProxy        : Securing GET /api/clients/4
2025-03-10T09:13:35.503-05:00 DEBUG 39520 --- [dalp] [http-nio-8080-exec-8] o.s.security.web.FilterChainProxy        : Securing GET /api/clients/2
2025-03-10T09:13:35.503-05:00 DEBUG 39520 --- [dalp] [http-nio-8080-exec-10] o.s.security.web.FilterChainProxy        : Secured GET /api/clients/3
2025-03-10T09:13:35.503-05:00 DEBUG 39520 --- [dalp] [http-nio-8080-exec-7] o.s.security.web.FilterChainProxy        : Secured GET /api/clients/4
2025-03-10T09:13:35.505-05:00 DEBUG 39520 --- [dalp] [http-nio-8080-exec-8] o.s.security.web.FilterChainProxy        : Secured GET /api/clients/2
2025-03-10T09:13:35.557-05:00 DEBUG 39520 --- [dalp] [http-nio-8080-exec-7] o.s.s.w.a.AnonymousAuthenticationFilter  : Set SecurityContextHolder to anonymous SecurityContext
2025-03-10T09:13:35.557-05:00 DEBUG 39520 --- [dalp] [http-nio-8080-exec-8] o.s.s.w.a.AnonymousAuthenticationFilter  : Set SecurityContextHolder to anonymous SecurityContext
2025-03-10T09:13:35.567-05:00 DEBUG 39520 --- [dalp] [http-nio-8080-exec-10] o.s.s.w.a.AnonymousAuthenticationFilter  : Set SecurityContextHolder to anonymous SecurityContext
2025-03-10T09:13:35.569-05:00 DEBUG 39520 --- [dalp] [http-nio-8080-exec-1] o.s.security.web.FilterChainProxy        : Securing GET /api/clients/4
2025-03-10T09:13:35.574-05:00 DEBUG 39520 --- [dalp] [http-nio-8080-exec-3] o.s.security.web.FilterChainProxy        : Securing GET /api/clients/3
2025-03-10T09:13:35.572-05:00 DEBUG 39520 --- [dalp] [http-nio-8080-exec-1] o.s.security.web.FilterChainProxy        : Secured GET /api/clients/4
2025-03-10T09:13:35.576-05:00 DEBUG 39520 --- [dalp] [http-nio-8080-exec-3] o.s.security.web.FilterChainProxy        : Secured GET /api/clients/3
2025-03-10T09:13:35.594-05:00 DEBUG 39520 --- [dalp] [http-nio-8080-exec-1] o.s.s.w.a.AnonymousAuthenticationFilter  : Set SecurityContextHolder to anonymous SecurityContext
2025-03-10T09:13:35.605-05:00 DEBUG 39520 --- [dalp] [http-nio-8080-exec-3] o.s.s.w.a.AnonymousAuthenticationFilter  : Set SecurityContextHolder to anonymous SecurityContext
2025-03-10T09:13:47.360-05:00 DEBUG 39520 --- [dalp] [http-nio-8080-exec-4] o.s.security.web.FilterChainProxy        : Securing PUT /api/group-payments/1
2025-03-10T09:13:47.360-05:00 DEBUG 39520 --- [dalp] [http-nio-8080-exec-4] o.s.security.web.FilterChainProxy        : Secured PUT /api/group-payments/1
2025-03-10T09:13:47.403-05:00 DEBUG 39520 --- [dalp] [http-nio-8080-exec-4] o.s.s.w.a.AnonymousAuthenticationFilter  : Set SecurityContextHolder to anonymous SecurityContext
2025-03-10T09:15:01.165-05:00 DEBUG 39520 --- [dalp] [http-nio-8080-exec-9] o.s.security.web.FilterChainProxy        : Securing GET /api/clients
2025-03-10T09:15:01.166-05:00 DEBUG 39520 --- [dalp] [http-nio-8080-exec-9] o.s.security.web.FilterChainProxy        : Secured GET /api/clients
2025-03-10T09:15:01.231-05:00 DEBUG 39520 --- [dalp] [http-nio-8080-exec-9] o.s.s.w.a.AnonymousAuthenticationFilter  : Set SecurityContextHolder to anonymous SecurityContext
2025-03-10T09:15:23.705-05:00 DEBUG 39520 --- [dalp] [http-nio-8080-exec-7] o.s.security.web.FilterChainProxy        : Securing PUT /api/group-payments/1
2025-03-10T09:15:23.705-05:00 DEBUG 39520 --- [dalp] [http-nio-8080-exec-7] o.s.security.web.FilterChainProxy        : Secured PUT /api/group-payments/1
2025-03-10T09:15:23.763-05:00 DEBUG 39520 --- [dalp] [http-nio-8080-exec-7] o.s.s.w.a.AnonymousAuthenticationFilter  : Set SecurityContextHolder to anonymous SecurityContext
2025-03-10T09:33:52.209-05:00 DEBUG 39520 --- [dalp] [http-nio-8080-exec-10] o.s.security.web.FilterChainProxy        : Securing GET /api/group-payments
2025-03-10T09:33:52.210-05:00 DEBUG 39520 --- [dalp] [http-nio-8080-exec-10] o.s.security.web.FilterChainProxy        : Secured GET /api/group-payments
2025-03-10T09:33:52.283-05:00 DEBUG 39520 --- [dalp] [http-nio-8080-exec-10] o.s.s.w.a.AnonymousAuthenticationFilter  : Set SecurityContextHolder to anonymous SecurityContext
2025-03-10T09:33:52.834-05:00 DEBUG 39520 --- [dalp] [http-nio-8080-exec-1] o.s.security.web.FilterChainProxy        : Securing GET /api/group-payments/1
2025-03-10T09:33:52.835-05:00 DEBUG 39520 --- [dalp] [http-nio-8080-exec-1] o.s.security.web.FilterChainProxy        : Secured GET /api/group-payments/1
2025-03-10T09:33:52.850-05:00 DEBUG 39520 --- [dalp] [http-nio-8080-exec-1] o.s.s.w.a.AnonymousAuthenticationFilter  : Set SecurityContextHolder to anonymous SecurityContext
2025-03-10T09:33:52.860-05:00 DEBUG 39520 --- [dalp] [http-nio-8080-exec-3] o.s.security.web.FilterChainProxy        : Securing GET /api/clients/2
2025-03-10T09:33:52.861-05:00 DEBUG 39520 --- [dalp] [http-nio-8080-exec-3] o.s.security.web.FilterChainProxy        : Secured GET /api/clients/2
2025-03-10T09:33:52.863-05:00 DEBUG 39520 --- [dalp] [http-nio-8080-exec-5] o.s.security.web.FilterChainProxy        : Securing GET /api/clients/3
2025-03-10T09:33:52.863-05:00 DEBUG 39520 --- [dalp] [http-nio-8080-exec-4] o.s.security.web.FilterChainProxy        : Securing GET /api/clients/4
2025-03-10T09:33:52.864-05:00 DEBUG 39520 --- [dalp] [http-nio-8080-exec-5] o.s.security.web.FilterChainProxy        : Secured GET /api/clients/3
2025-03-10T09:33:52.864-05:00 DEBUG 39520 --- [dalp] [http-nio-8080-exec-4] o.s.security.web.FilterChainProxy        : Secured GET /api/clients/4
2025-03-10T09:33:52.884-05:00 DEBUG 39520 --- [dalp] [http-nio-8080-exec-3] o.s.s.w.a.AnonymousAuthenticationFilter  : Set SecurityContextHolder to anonymous SecurityContext
2025-03-10T09:33:52.891-05:00 DEBUG 39520 --- [dalp] [http-nio-8080-exec-4] o.s.s.w.a.AnonymousAuthenticationFilter  : Set SecurityContextHolder to anonymous SecurityContext
2025-03-10T09:33:52.891-05:00 DEBUG 39520 --- [dalp] [http-nio-8080-exec-5] o.s.s.w.a.AnonymousAuthenticationFilter  : Set SecurityContextHolder to anonymous SecurityContext
2025-03-10T09:33:52.899-05:00 DEBUG 39520 --- [dalp] [http-nio-8080-exec-6] o.s.security.web.FilterChainProxy        : Securing GET /api/clients/4
2025-03-10T09:33:52.899-05:00 DEBUG 39520 --- [dalp] [http-nio-8080-exec-2] o.s.security.web.FilterChainProxy        : Securing GET /api/clients/3
2025-03-10T09:33:52.899-05:00 DEBUG 39520 --- [dalp] [http-nio-8080-exec-6] o.s.security.web.FilterChainProxy        : Secured GET /api/clients/4
2025-03-10T09:33:52.900-05:00 DEBUG 39520 --- [dalp] [http-nio-8080-exec-2] o.s.security.web.FilterChainProxy        : Secured GET /api/clients/3
2025-03-10T09:33:52.908-05:00 DEBUG 39520 --- [dalp] [http-nio-8080-exec-2] o.s.s.w.a.AnonymousAuthenticationFilter  : Set SecurityContextHolder to anonymous SecurityContext
2025-03-10T09:33:52.908-05:00 DEBUG 39520 --- [dalp] [http-nio-8080-exec-6] o.s.s.w.a.AnonymousAuthenticationFilter  : Set SecurityContextHolder to anonymous SecurityContext
2025-03-10T09:33:52.915-05:00 DEBUG 39520 --- [dalp] [http-nio-8080-exec-9] o.s.security.web.FilterChainProxy        : Securing GET /api/clients/4
2025-03-10T09:33:52.915-05:00 DEBUG 39520 --- [dalp] [http-nio-8080-exec-9] o.s.security.web.FilterChainProxy        : Secured GET /api/clients/4
2025-03-10T09:33:52.923-05:00 DEBUG 39520 --- [dalp] [http-nio-8080-exec-9] o.s.s.w.a.AnonymousAuthenticationFilter  : Set SecurityContextHolder to anonymous SecurityContext
2025-03-10T09:33:54.320-05:00 DEBUG 39520 --- [dalp] [http-nio-8080-exec-7] o.s.security.web.FilterChainProxy        : Securing GET /api/group-payments
2025-03-10T09:33:54.322-05:00 DEBUG 39520 --- [dalp] [http-nio-8080-exec-7] o.s.security.web.FilterChainProxy        : Secured GET /api/group-payments
2025-03-10T09:33:54.353-05:00 DEBUG 39520 --- [dalp] [http-nio-8080-exec-7] o.s.s.w.a.AnonymousAuthenticationFilter  : Set SecurityContextHolder to anonymous SecurityContext
2025-03-10T09:33:56.472-05:00 DEBUG 39520 --- [dalp] [http-nio-8080-exec-8] o.s.security.web.FilterChainProxy        : Securing GET /api/group-payments/6
2025-03-10T09:33:56.472-05:00 DEBUG 39520 --- [dalp] [http-nio-8080-exec-8] o.s.security.web.FilterChainProxy        : Secured GET /api/group-payments/6
2025-03-10T09:33:56.481-05:00 DEBUG 39520 --- [dalp] [http-nio-8080-exec-8] o.s.s.w.a.AnonymousAuthenticationFilter  : Set SecurityContextHolder to anonymous SecurityContext
2025-03-10T09:33:59.413-05:00 DEBUG 39520 --- [dalp] [http-nio-8080-exec-10] o.s.security.web.FilterChainProxy        : Securing GET /api/clients
2025-03-10T09:33:59.414-05:00 DEBUG 39520 --- [dalp] [http-nio-8080-exec-10] o.s.security.web.FilterChainProxy        : Secured GET /api/clients
2025-03-10T09:33:59.461-05:00 DEBUG 39520 --- [dalp] [http-nio-8080-exec-10] o.s.s.w.a.AnonymousAuthenticationFilter  : Set SecurityContextHolder to anonymous SecurityContext
2025-03-10T09:34:10.518-05:00 DEBUG 39520 --- [dalp] [http-nio-8080-exec-1] o.s.security.web.FilterChainProxy        : Securing OPTIONS /api/group-payments/6
2025-03-10T09:34:10.518-05:00 DEBUG 39520 --- [dalp] [http-nio-8080-exec-1] o.s.security.web.FilterChainProxy        : Secured OPTIONS /api/group-payments/6
2025-03-10T09:34:10.520-05:00 DEBUG 39520 --- [dalp] [http-nio-8080-exec-1] o.s.s.w.a.AnonymousAuthenticationFilter  : Set SecurityContextHolder to anonymous SecurityContext
2025-03-10T09:34:10.529-05:00 DEBUG 39520 --- [dalp] [http-nio-8080-exec-3] o.s.security.web.FilterChainProxy        : Securing PUT /api/group-payments/6
2025-03-10T09:34:10.529-05:00 DEBUG 39520 --- [dalp] [http-nio-8080-exec-3] o.s.security.web.FilterChainProxy        : Secured PUT /api/group-payments/6
2025-03-10T09:34:10.554-05:00 DEBUG 39520 --- [dalp] [http-nio-8080-exec-3] o.s.s.w.a.AnonymousAuthenticationFilter  : Set SecurityContextHolder to anonymous SecurityContext
2025-03-10T09:34:13.973-05:00 DEBUG 39520 --- [dalp] [http-nio-8080-exec-5] o.s.security.web.FilterChainProxy        : Securing GET /api/group-payments/6
2025-03-10T09:34:13.979-05:00 DEBUG 39520 --- [dalp] [http-nio-8080-exec-5] o.s.security.web.FilterChainProxy        : Secured GET /api/group-payments/6
2025-03-10T09:34:14.027-05:00 DEBUG 39520 --- [dalp] [http-nio-8080-exec-5] o.s.s.w.a.AnonymousAuthenticationFilter  : Set SecurityContextHolder to anonymous SecurityContext
2025-03-10T09:34:14.061-05:00 DEBUG 39520 --- [dalp] [http-nio-8080-exec-4] o.s.security.web.FilterChainProxy        : Securing GET /api/clients/1
2025-03-10T09:34:14.067-05:00 DEBUG 39520 --- [dalp] [http-nio-8080-exec-4] o.s.security.web.FilterChainProxy        : Secured GET /api/clients/1
2025-03-10T09:34:14.095-05:00 DEBUG 39520 --- [dalp] [http-nio-8080-exec-4] o.s.s.w.a.AnonymousAuthenticationFilter  : Set SecurityContextHolder to anonymous SecurityContext
2025-03-10T09:34:57.902-05:00 DEBUG 39520 --- [dalp] [http-nio-8080-exec-7] o.s.security.web.FilterChainProxy        : Securing GET /api/group-payments/6
2025-03-10T09:34:57.906-05:00 DEBUG 39520 --- [dalp] [http-nio-8080-exec-7] o.s.security.web.FilterChainProxy        : Secured GET /api/group-payments/6
2025-03-10T09:34:57.979-05:00 DEBUG 39520 --- [dalp] [http-nio-8080-exec-7] o.s.s.w.a.AnonymousAuthenticationFilter  : Set SecurityContextHolder to anonymous SecurityContext
2025-03-10T09:34:57.993-05:00 DEBUG 39520 --- [dalp] [http-nio-8080-exec-8] o.s.security.web.FilterChainProxy        : Securing GET /api/clients/1
2025-03-10T09:34:57.995-05:00 DEBUG 39520 --- [dalp] [http-nio-8080-exec-8] o.s.security.web.FilterChainProxy        : Secured GET /api/clients/1
2025-03-10T09:34:58.024-05:00 DEBUG 39520 --- [dalp] [http-nio-8080-exec-8] o.s.s.w.a.AnonymousAuthenticationFilter  : Set SecurityContextHolder to anonymous SecurityContext
2025-03-10T09:34:59.966-05:00 DEBUG 39520 --- [dalp] [http-nio-8080-exec-10] o.s.security.web.FilterChainProxy        : Securing GET /api/clients
2025-03-10T09:34:59.967-05:00 DEBUG 39520 --- [dalp] [http-nio-8080-exec-10] o.s.security.web.FilterChainProxy        : Secured GET /api/clients
2025-03-10T09:35:00.033-05:00 DEBUG 39520 --- [dalp] [http-nio-8080-exec-10] o.s.s.w.a.AnonymousAuthenticationFilter  : Set SecurityContextHolder to anonymous SecurityContext
2025-03-10T09:36:11.892-05:00 DEBUG 39520 --- [dalp] [http-nio-8080-exec-3] o.s.security.web.FilterChainProxy        : Securing PUT /api/group-payments/6
2025-03-10T09:36:11.893-05:00 DEBUG 39520 --- [dalp] [http-nio-8080-exec-3] o.s.security.web.FilterChainProxy        : Secured PUT /api/group-payments/6
2025-03-10T09:36:11.946-05:00 DEBUG 39520 --- [dalp] [http-nio-8080-exec-3] o.s.s.w.a.AnonymousAuthenticationFilter  : Set SecurityContextHolder to anonymous SecurityContext
2025-03-10T09:39:44.142-05:00 DEBUG 39520 --- [dalp] [http-nio-8080-exec-4] o.s.security.web.FilterChainProxy        : Securing GET /api/group-payments/6
2025-03-10T09:39:44.150-05:00 DEBUG 39520 --- [dalp] [http-nio-8080-exec-4] o.s.security.web.FilterChainProxy        : Secured GET /api/group-payments/6
2025-03-10T09:39:44.210-05:00 DEBUG 39520 --- [dalp] [http-nio-8080-exec-4] o.s.s.w.a.AnonymousAuthenticationFilter  : Set SecurityContextHolder to anonymous SecurityContext
2025-03-10T09:39:44.226-05:00 DEBUG 39520 --- [dalp] [http-nio-8080-exec-2] o.s.security.web.FilterChainProxy        : Securing GET /api/clients/1
2025-03-10T09:39:44.226-05:00 DEBUG 39520 --- [dalp] [http-nio-8080-exec-6] o.s.security.web.FilterChainProxy        : Securing GET /api/clients/4
2025-03-10T09:39:44.226-05:00 DEBUG 39520 --- [dalp] [http-nio-8080-exec-2] o.s.security.web.FilterChainProxy        : Secured GET /api/clients/1
2025-03-10T09:39:44.227-05:00 DEBUG 39520 --- [dalp] [http-nio-8080-exec-6] o.s.security.web.FilterChainProxy        : Secured GET /api/clients/4
2025-03-10T09:39:44.257-05:00 DEBUG 39520 --- [dalp] [http-nio-8080-exec-6] o.s.s.w.a.AnonymousAuthenticationFilter  : Set SecurityContextHolder to anonymous SecurityContext
2025-03-10T09:39:44.257-05:00 DEBUG 39520 --- [dalp] [http-nio-8080-exec-2] o.s.s.w.a.AnonymousAuthenticationFilter  : Set SecurityContextHolder to anonymous SecurityContext
2025-03-10T09:39:46.530-05:00 DEBUG 39520 --- [dalp] [http-nio-8080-exec-9] o.s.security.web.FilterChainProxy        : Securing GET /api/clients
2025-03-10T09:39:46.531-05:00 DEBUG 39520 --- [dalp] [http-nio-8080-exec-9] o.s.security.web.FilterChainProxy        : Secured GET /api/clients
2025-03-10T09:39:46.572-05:00 DEBUG 39520 --- [dalp] [http-nio-8080-exec-9] o.s.s.w.a.AnonymousAuthenticationFilter  : Set SecurityContextHolder to anonymous SecurityContext
2025-03-10T09:44:14.811-05:00 DEBUG 39520 --- [dalp] [http-nio-8080-exec-10] o.s.security.web.FilterChainProxy        : Securing GET /api/group-payments/6
2025-03-10T09:44:14.812-05:00 DEBUG 39520 --- [dalp] [http-nio-8080-exec-10] o.s.security.web.FilterChainProxy        : Secured GET /api/group-payments/6
2025-03-10T09:44:14.836-05:00 DEBUG 39520 --- [dalp] [http-nio-8080-exec-10] o.s.s.w.a.AnonymousAuthenticationFilter  : Set SecurityContextHolder to anonymous SecurityContext
2025-03-10T09:44:14.902-05:00 DEBUG 39520 --- [dalp] [http-nio-8080-exec-1] o.s.security.web.FilterChainProxy        : Securing GET /api/clients/1
2025-03-10T09:44:14.902-05:00 DEBUG 39520 --- [dalp] [http-nio-8080-exec-1] o.s.security.web.FilterChainProxy        : Secured GET /api/clients/1
2025-03-10T09:44:14.913-05:00 DEBUG 39520 --- [dalp] [http-nio-8080-exec-3] o.s.security.web.FilterChainProxy        : Securing GET /api/clients/4
2025-03-10T09:44:14.914-05:00 DEBUG 39520 --- [dalp] [http-nio-8080-exec-3] o.s.security.web.FilterChainProxy        : Secured GET /api/clients/4
2025-03-10T09:44:14.926-05:00 DEBUG 39520 --- [dalp] [http-nio-8080-exec-1] o.s.s.w.a.AnonymousAuthenticationFilter  : Set SecurityContextHolder to anonymous SecurityContext
2025-03-10T09:44:14.938-05:00 DEBUG 39520 --- [dalp] [http-nio-8080-exec-3] o.s.s.w.a.AnonymousAuthenticationFilter  : Set SecurityContextHolder to anonymous SecurityContext
2025-03-10T09:45:23.081-05:00 DEBUG 39520 --- [dalp] [http-nio-8080-exec-6] o.s.security.web.FilterChainProxy        : Securing GET /api/group-payments/6
2025-03-10T09:45:23.082-05:00 DEBUG 39520 --- [dalp] [http-nio-8080-exec-6] o.s.security.web.FilterChainProxy        : Secured GET /api/group-payments/6
2025-03-10T09:45:23.116-05:00 DEBUG 39520 --- [dalp] [http-nio-8080-exec-6] o.s.s.w.a.AnonymousAuthenticationFilter  : Set SecurityContextHolder to anonymous SecurityContext
2025-03-10T09:45:23.169-05:00 DEBUG 39520 --- [dalp] [http-nio-8080-exec-2] o.s.security.web.FilterChainProxy        : Securing GET /api/clients/1
2025-03-10T09:45:23.170-05:00 DEBUG 39520 --- [dalp] [http-nio-8080-exec-2] o.s.security.web.FilterChainProxy        : Secured GET /api/clients/1
2025-03-10T09:45:23.170-05:00 DEBUG 39520 --- [dalp] [http-nio-8080-exec-9] o.s.security.web.FilterChainProxy        : Securing GET /api/clients/4
2025-03-10T09:45:23.170-05:00 DEBUG 39520 --- [dalp] [http-nio-8080-exec-9] o.s.security.web.FilterChainProxy        : Secured GET /api/clients/4
2025-03-10T09:45:23.186-05:00 DEBUG 39520 --- [dalp] [http-nio-8080-exec-2] o.s.s.w.a.AnonymousAuthenticationFilter  : Set SecurityContextHolder to anonymous SecurityContext
2025-03-10T09:45:23.186-05:00 DEBUG 39520 --- [dalp] [http-nio-8080-exec-9] o.s.s.w.a.AnonymousAuthenticationFilter  : Set SecurityContextHolder to anonymous SecurityContext
2025-03-10T09:46:37.319-05:00 DEBUG 39520 --- [dalp] [http-nio-8080-exec-10] o.s.security.web.FilterChainProxy        : Securing GET /api/group-payments/6
2025-03-10T09:46:37.322-05:00 DEBUG 39520 --- [dalp] [http-nio-8080-exec-10] o.s.security.web.FilterChainProxy        : Secured GET /api/group-payments/6
2025-03-10T09:46:37.443-05:00 DEBUG 39520 --- [dalp] [http-nio-8080-exec-10] o.s.s.w.a.AnonymousAuthenticationFilter  : Set SecurityContextHolder to anonymous SecurityContext
2025-03-10T09:46:37.586-05:00 DEBUG 39520 --- [dalp] [http-nio-8080-exec-1] o.s.security.web.FilterChainProxy        : Securing GET /api/clients/1
2025-03-10T09:46:37.592-05:00 DEBUG 39520 --- [dalp] [http-nio-8080-exec-3] o.s.security.web.FilterChainProxy        : Securing GET /api/clients/4
2025-03-10T09:46:37.602-05:00 DEBUG 39520 --- [dalp] [http-nio-8080-exec-1] o.s.security.web.FilterChainProxy        : Secured GET /api/clients/1
2025-03-10T09:46:37.606-05:00 DEBUG 39520 --- [dalp] [http-nio-8080-exec-3] o.s.security.web.FilterChainProxy        : Secured GET /api/clients/4
2025-03-10T09:46:37.694-05:00 DEBUG 39520 --- [dalp] [http-nio-8080-exec-1] o.s.s.w.a.AnonymousAuthenticationFilter  : Set SecurityContextHolder to anonymous SecurityContext
2025-03-10T09:46:37.694-05:00 DEBUG 39520 --- [dalp] [http-nio-8080-exec-3] o.s.s.w.a.AnonymousAuthenticationFilter  : Set SecurityContextHolder to anonymous SecurityContext
2025-03-10T09:53:17.846-05:00 DEBUG 39520 --- [dalp] [http-nio-8080-exec-6] o.s.security.web.FilterChainProxy        : Securing GET /api/group-payments/6
2025-03-10T09:53:17.857-05:00 DEBUG 39520 --- [dalp] [http-nio-8080-exec-6] o.s.security.web.FilterChainProxy        : Secured GET /api/group-payments/6
2025-03-10T09:53:18.014-05:00 DEBUG 39520 --- [dalp] [http-nio-8080-exec-6] o.s.s.w.a.AnonymousAuthenticationFilter  : Set SecurityContextHolder to anonymous SecurityContext
2025-03-10T09:53:18.300-05:00 DEBUG 39520 --- [dalp] [http-nio-8080-exec-2] o.s.security.web.FilterChainProxy        : Securing GET /api/clients/1
2025-03-10T09:53:18.308-05:00 DEBUG 39520 --- [dalp] [http-nio-8080-exec-2] o.s.security.web.FilterChainProxy        : Secured GET /api/clients/1
2025-03-10T09:53:18.311-05:00 DEBUG 39520 --- [dalp] [http-nio-8080-exec-9] o.s.security.web.FilterChainProxy        : Securing GET /api/clients/4
2025-03-10T09:53:18.335-05:00 DEBUG 39520 --- [dalp] [http-nio-8080-exec-9] o.s.security.web.FilterChainProxy        : Secured GET /api/clients/4
2025-03-10T09:53:18.384-05:00 DEBUG 39520 --- [dalp] [http-nio-8080-exec-9] o.s.s.w.a.AnonymousAuthenticationFilter  : Set SecurityContextHolder to anonymous SecurityContext
2025-03-10T09:53:18.440-05:00 DEBUG 39520 --- [dalp] [http-nio-8080-exec-2] o.s.s.w.a.AnonymousAuthenticationFilter  : Set SecurityContextHolder to anonymous SecurityContext
2025-03-10T09:53:35.349-05:00  WARN 39520 --- [dalp] [HikariPool-1 housekeeper] com.zaxxer.hikari.pool.HikariPool        : HikariPool-1 - Thread starvation or clock leap detected (housekeeper delta=6m44s83ms83µs200ns).
2025-03-10T09:53:52.229-05:00 DEBUG 39520 --- [dalp] [http-nio-8080-exec-8] o.s.security.web.FilterChainProxy        : Securing GET /api/group-payments/6
2025-03-10T09:53:52.230-05:00 DEBUG 39520 --- [dalp] [http-nio-8080-exec-8] o.s.security.web.FilterChainProxy        : Secured GET /api/group-payments/6
2025-03-10T09:53:52.300-05:00 DEBUG 39520 --- [dalp] [http-nio-8080-exec-8] o.s.s.w.a.AnonymousAuthenticationFilter  : Set SecurityContextHolder to anonymous SecurityContext
2025-03-10T09:53:52.357-05:00 DEBUG 39520 --- [dalp] [http-nio-8080-exec-10] o.s.security.web.FilterChainProxy        : Securing GET /api/clients/4
2025-03-10T09:53:52.357-05:00 DEBUG 39520 --- [dalp] [http-nio-8080-exec-7] o.s.security.web.FilterChainProxy        : Securing GET /api/clients/1
2025-03-10T09:53:52.360-05:00 DEBUG 39520 --- [dalp] [http-nio-8080-exec-10] o.s.security.web.FilterChainProxy        : Secured GET /api/clients/4
2025-03-10T09:53:52.360-05:00 DEBUG 39520 --- [dalp] [http-nio-8080-exec-7] o.s.security.web.FilterChainProxy        : Secured GET /api/clients/1
2025-03-10T09:53:52.400-05:00 DEBUG 39520 --- [dalp] [http-nio-8080-exec-10] o.s.s.w.a.AnonymousAuthenticationFilter  : Set SecurityContextHolder to anonymous SecurityContext
2025-03-10T09:53:52.402-05:00 DEBUG 39520 --- [dalp] [http-nio-8080-exec-7] o.s.s.w.a.AnonymousAuthenticationFilter  : Set SecurityContextHolder to anonymous SecurityContext
2025-03-10T09:54:02.596-05:00 DEBUG 39520 --- [dalp] [http-nio-8080-exec-1] o.s.security.web.FilterChainProxy        : Securing GET /api/clients
2025-03-10T09:54:02.596-05:00 DEBUG 39520 --- [dalp] [http-nio-8080-exec-1] o.s.security.web.FilterChainProxy        : Secured GET /api/clients
2025-03-10T09:54:02.643-05:00 DEBUG 39520 --- [dalp] [http-nio-8080-exec-1] o.s.s.w.a.AnonymousAuthenticationFilter  : Set SecurityContextHolder to anonymous SecurityContext
2025-03-10T10:01:32.393-05:00 DEBUG 39520 --- [dalp] [http-nio-8080-exec-5] o.s.security.web.FilterChainProxy        : Securing GET /api/group-payments/6
2025-03-10T10:01:32.395-05:00 DEBUG 39520 --- [dalp] [http-nio-8080-exec-5] o.s.security.web.FilterChainProxy        : Secured GET /api/group-payments/6
2025-03-10T10:01:32.499-05:00 DEBUG 39520 --- [dalp] [http-nio-8080-exec-5] o.s.s.w.a.AnonymousAuthenticationFilter  : Set SecurityContextHolder to anonymous SecurityContext
2025-03-10T10:01:32.512-05:00 DEBUG 39520 --- [dalp] [http-nio-8080-exec-6] o.s.security.web.FilterChainProxy        : Securing GET /api/clients/1
2025-03-10T10:01:32.512-05:00 DEBUG 39520 --- [dalp] [http-nio-8080-exec-9] o.s.security.web.FilterChainProxy        : Securing GET /api/clients/4
2025-03-10T10:01:32.513-05:00 DEBUG 39520 --- [dalp] [http-nio-8080-exec-6] o.s.security.web.FilterChainProxy        : Secured GET /api/clients/1
2025-03-10T10:01:32.513-05:00 DEBUG 39520 --- [dalp] [http-nio-8080-exec-9] o.s.security.web.FilterChainProxy        : Secured GET /api/clients/4
2025-03-10T10:01:32.534-05:00 DEBUG 39520 --- [dalp] [http-nio-8080-exec-6] o.s.s.w.a.AnonymousAuthenticationFilter  : Set SecurityContextHolder to anonymous SecurityContext
2025-03-10T10:01:32.534-05:00 DEBUG 39520 --- [dalp] [http-nio-8080-exec-9] o.s.s.w.a.AnonymousAuthenticationFilter  : Set SecurityContextHolder to anonymous SecurityContext
2025-03-10T10:01:35.391-05:00 DEBUG 39520 --- [dalp] [http-nio-8080-exec-2] o.s.security.web.FilterChainProxy        : Securing GET /api/clients
2025-03-10T10:01:35.391-05:00 DEBUG 39520 --- [dalp] [http-nio-8080-exec-2] o.s.security.web.FilterChainProxy        : Secured GET /api/clients
2025-03-10T10:01:35.437-05:00 DEBUG 39520 --- [dalp] [http-nio-8080-exec-2] o.s.s.w.a.AnonymousAuthenticationFilter  : Set SecurityContextHolder to anonymous SecurityContext
2025-03-10T10:03:26.871-05:00 DEBUG 39520 --- [dalp] [http-nio-8080-exec-7] o.s.security.web.FilterChainProxy        : Securing GET /api/group-payments/6
2025-03-10T10:03:26.873-05:00 DEBUG 39520 --- [dalp] [http-nio-8080-exec-7] o.s.security.web.FilterChainProxy        : Secured GET /api/group-payments/6
2025-03-10T10:03:26.959-05:00 DEBUG 39520 --- [dalp] [http-nio-8080-exec-7] o.s.s.w.a.AnonymousAuthenticationFilter  : Set SecurityContextHolder to anonymous SecurityContext
2025-03-10T10:03:27.021-05:00 DEBUG 39520 --- [dalp] [http-nio-8080-exec-1] o.s.security.web.FilterChainProxy        : Securing GET /api/clients/1
2025-03-10T10:03:27.026-05:00 DEBUG 39520 --- [dalp] [http-nio-8080-exec-1] o.s.security.web.FilterChainProxy        : Secured GET /api/clients/1
2025-03-10T10:03:27.022-05:00 DEBUG 39520 --- [dalp] [http-nio-8080-exec-3] o.s.security.web.FilterChainProxy        : Securing GET /api/clients/4
2025-03-10T10:03:27.032-05:00 DEBUG 39520 --- [dalp] [http-nio-8080-exec-3] o.s.security.web.FilterChainProxy        : Secured GET /api/clients/4
2025-03-10T10:03:27.083-05:00 DEBUG 39520 --- [dalp] [http-nio-8080-exec-3] o.s.s.w.a.AnonymousAuthenticationFilter  : Set SecurityContextHolder to anonymous SecurityContext
2025-03-10T10:03:27.090-05:00 DEBUG 39520 --- [dalp] [http-nio-8080-exec-1] o.s.s.w.a.AnonymousAuthenticationFilter  : Set SecurityContextHolder to anonymous SecurityContext
2025-03-10T10:05:40.967-05:00 DEBUG 39520 --- [dalp] [http-nio-8080-exec-6] o.s.security.web.FilterChainProxy        : Securing OPTIONS /api/group-payments/6
2025-03-10T10:05:40.969-05:00 DEBUG 39520 --- [dalp] [http-nio-8080-exec-6] o.s.security.web.FilterChainProxy        : Secured OPTIONS /api/group-payments/6
2025-03-10T10:05:40.972-05:00 DEBUG 39520 --- [dalp] [http-nio-8080-exec-6] o.s.s.w.a.AnonymousAuthenticationFilter  : Set SecurityContextHolder to anonymous SecurityContext
2025-03-10T10:05:40.981-05:00 DEBUG 39520 --- [dalp] [http-nio-8080-exec-9] o.s.security.web.FilterChainProxy        : Securing PUT /api/group-payments/6
2025-03-10T10:05:40.983-05:00 DEBUG 39520 --- [dalp] [http-nio-8080-exec-9] o.s.security.web.FilterChainProxy        : Secured PUT /api/group-payments/6
2025-03-10T10:05:41.050-05:00 DEBUG 39520 --- [dalp] [http-nio-8080-exec-9] o.s.s.w.a.AnonymousAuthenticationFilter  : Set SecurityContextHolder to anonymous SecurityContext
2025-03-10T10:05:43.884-05:00 DEBUG 39520 --- [dalp] [http-nio-8080-exec-2] o.s.security.web.FilterChainProxy        : Securing GET /api/group-payments/6
2025-03-10T10:05:43.886-05:00 DEBUG 39520 --- [dalp] [http-nio-8080-exec-2] o.s.security.web.FilterChainProxy        : Secured GET /api/group-payments/6
2025-03-10T10:05:43.926-05:00 DEBUG 39520 --- [dalp] [http-nio-8080-exec-2] o.s.s.w.a.AnonymousAuthenticationFilter  : Set SecurityContextHolder to anonymous SecurityContext
2025-03-10T10:05:43.956-05:00 DEBUG 39520 --- [dalp] [http-nio-8080-exec-8] o.s.security.web.FilterChainProxy        : Securing GET /api/clients/1
2025-03-10T10:05:43.959-05:00 DEBUG 39520 --- [dalp] [http-nio-8080-exec-8] o.s.security.web.FilterChainProxy        : Secured GET /api/clients/1
2025-03-10T10:05:43.987-05:00 DEBUG 39520 --- [dalp] [http-nio-8080-exec-8] o.s.s.w.a.AnonymousAuthenticationFilter  : Set SecurityContextHolder to anonymous SecurityContext
2025-03-10T10:05:46.321-05:00 DEBUG 39520 --- [dalp] [http-nio-8080-exec-10] o.s.security.web.FilterChainProxy        : Securing GET /api/clients
2025-03-10T10:05:46.322-05:00 DEBUG 39520 --- [dalp] [http-nio-8080-exec-10] o.s.security.web.FilterChainProxy        : Secured GET /api/clients
2025-03-10T10:05:46.356-05:00 DEBUG 39520 --- [dalp] [http-nio-8080-exec-10] o.s.s.w.a.AnonymousAuthenticationFilter  : Set SecurityContextHolder to anonymous SecurityContext
2025-03-10T10:06:13.699-05:00 DEBUG 39520 --- [dalp] [http-nio-8080-exec-7] o.s.security.web.FilterChainProxy        : Securing PUT /api/group-payments/6
2025-03-10T10:06:13.699-05:00 DEBUG 39520 --- [dalp] [http-nio-8080-exec-7] o.s.security.web.FilterChainProxy        : Secured PUT /api/group-payments/6
2025-03-10T10:06:13.742-05:00 DEBUG 39520 --- [dalp] [http-nio-8080-exec-7] o.s.s.w.a.AnonymousAuthenticationFilter  : Set SecurityContextHolder to anonymous SecurityContext
2025-03-10T10:06:18.110-05:00 DEBUG 39520 --- [dalp] [http-nio-8080-exec-3] o.s.security.web.FilterChainProxy        : Securing GET /api/group-payments/6
2025-03-10T10:06:18.111-05:00 DEBUG 39520 --- [dalp] [http-nio-8080-exec-3] o.s.security.web.FilterChainProxy        : Secured GET /api/group-payments/6
2025-03-10T10:06:18.147-05:00 DEBUG 39520 --- [dalp] [http-nio-8080-exec-3] o.s.s.w.a.AnonymousAuthenticationFilter  : Set SecurityContextHolder to anonymous SecurityContext
2025-03-10T10:06:18.182-05:00 DEBUG 39520 --- [dalp] [http-nio-8080-exec-1] o.s.security.web.FilterChainProxy        : Securing GET /api/clients/1
2025-03-10T10:06:18.184-05:00 DEBUG 39520 --- [dalp] [http-nio-8080-exec-1] o.s.security.web.FilterChainProxy        : Secured GET /api/clients/1
2025-03-10T10:06:18.218-05:00 DEBUG 39520 --- [dalp] [http-nio-8080-exec-1] o.s.s.w.a.AnonymousAuthenticationFilter  : Set SecurityContextHolder to anonymous SecurityContext
2025-03-10T10:06:18.226-05:00 DEBUG 39520 --- [dalp] [http-nio-8080-exec-4] o.s.security.web.FilterChainProxy        : Securing GET /api/clients/1
2025-03-10T10:06:18.227-05:00 DEBUG 39520 --- [dalp] [http-nio-8080-exec-4] o.s.security.web.FilterChainProxy        : Secured GET /api/clients/1
2025-03-10T10:06:18.238-05:00 DEBUG 39520 --- [dalp] [http-nio-8080-exec-4] o.s.s.w.a.AnonymousAuthenticationFilter  : Set SecurityContextHolder to anonymous SecurityContext
2025-03-10T10:07:49.543-05:00  INFO 39520 --- [dalp] [SpringApplicationShutdownHook] o.s.b.w.e.tomcat.GracefulShutdown        : Commencing graceful shutdown. Waiting for active requests to complete
2025-03-10T10:07:49.556-05:00  INFO 39520 --- [dalp] [tomcat-shutdown] o.s.b.w.e.tomcat.GracefulShutdown        : Graceful shutdown complete
2025-03-10T10:07:49.567-05:00  INFO 39520 --- [dalp] [SpringApplicationShutdownHook] j.LocalContainerEntityManagerFactoryBean : Closing JPA EntityManagerFactory for persistence unit 'default'
2025-03-10T10:07:49.573-05:00  INFO 39520 --- [dalp] [SpringApplicationShutdownHook] com.zaxxer.hikari.HikariDataSource       : HikariPool-1 - Shutdown initiated...
2025-03-10T10:07:49.577-05:00  INFO 39520 --- [dalp] [SpringApplicationShutdownHook] com.zaxxer.hikari.HikariDataSource       : HikariPool-1 - Shutdown completed.
2025-03-10T10:08:37.468-05:00  INFO 43488 --- [dalp] [restartedMain] com.prestamo.dalp.DalpApplication        : Starting DalpApplication using Java 21.0.2 with PID 43488 (C:\CrediDalpBackend\target\classes started by dayer in C:\CrediDalpBackend)
2025-03-10T10:08:37.472-05:00  INFO 43488 --- [dalp] [restartedMain] com.prestamo.dalp.DalpApplication        : No active profile set, falling back to 1 default profile: "default"
2025-03-10T10:08:37.559-05:00  INFO 43488 --- [dalp] [restartedMain] .e.DevToolsPropertyDefaultsPostProcessor : Devtools property defaults active! Set 'spring.devtools.add-properties' to 'false' to disable
2025-03-10T10:08:37.560-05:00  INFO 43488 --- [dalp] [restartedMain] .e.DevToolsPropertyDefaultsPostProcessor : For additional web related logging consider setting the 'logging.level.web' property to 'DEBUG'
2025-03-10T10:08:38.497-05:00  INFO 43488 --- [dalp] [restartedMain] .s.d.r.c.RepositoryConfigurationDelegate : Bootstrapping Spring Data JPA repositories in DEFAULT mode.
2025-03-10T10:08:38.585-05:00  INFO 43488 --- [dalp] [restartedMain] .s.d.r.c.RepositoryConfigurationDelegate : Finished Spring Data repository scanning in 78 ms. Found 10 JPA repository interfaces.
2025-03-10T10:08:39.333-05:00  INFO 43488 --- [dalp] [restartedMain] o.s.b.w.embedded.tomcat.TomcatWebServer  : Tomcat initialized with port 8080 (http)
2025-03-10T10:08:39.369-05:00  INFO 43488 --- [dalp] [restartedMain] o.apache.catalina.core.StandardService   : Starting service [Tomcat]
2025-03-10T10:08:39.370-05:00  INFO 43488 --- [dalp] [restartedMain] o.apache.catalina.core.StandardEngine    : Starting Servlet engine: [Apache Tomcat/10.1.36]
2025-03-10T10:08:39.431-05:00  INFO 43488 --- [dalp] [restartedMain] o.a.c.c.C.[Tomcat].[localhost].[/]       : Initializing Spring embedded WebApplicationContext
2025-03-10T10:08:39.431-05:00  INFO 43488 --- [dalp] [restartedMain] w.s.c.ServletWebServerApplicationContext : Root WebApplicationContext: initialization completed in 1870 ms
2025-03-10T10:08:39.837-05:00  INFO 43488 --- [dalp] [restartedMain] o.hibernate.jpa.internal.util.LogHelper  : HHH000204: Processing PersistenceUnitInfo [name: default]
2025-03-10T10:08:39.984-05:00  INFO 43488 --- [dalp] [restartedMain] org.hibernate.Version                    : HHH000412: Hibernate ORM core version 6.6.8.Final
2025-03-10T10:08:40.048-05:00  INFO 43488 --- [dalp] [restartedMain] o.h.c.internal.RegionFactoryInitiator    : HHH000026: Second-level cache disabled
2025-03-10T10:08:40.329-05:00  INFO 43488 --- [dalp] [restartedMain] o.s.o.j.p.SpringPersistenceUnitInfo      : No LoadTimeWeaver setup: ignoring JPA class transformer
2025-03-10T10:08:40.360-05:00  INFO 43488 --- [dalp] [restartedMain] com.zaxxer.hikari.HikariDataSource       : HikariPool-1 - Starting...
2025-03-10T10:08:40.729-05:00  INFO 43488 --- [dalp] [restartedMain] com.zaxxer.hikari.pool.HikariPool        : HikariPool-1 - Added connection ConnectionID:1 ClientConnectionId: 049512d4-99e7-4154-9e12-28df5da6b223
2025-03-10T10:08:40.733-05:00  INFO 43488 --- [dalp] [restartedMain] com.zaxxer.hikari.HikariDataSource       : HikariPool-1 - Start completed.
2025-03-10T10:08:40.760-05:00  WARN 43488 --- [dalp] [restartedMain] org.hibernate.orm.deprecation            : HHH90000025: SQLServer2012Dialect does not need to be specified explicitly using 'hibernate.dialect' (remove the property setting and it will be selected by default)
2025-03-10T10:08:40.762-05:00  WARN 43488 --- [dalp] [restartedMain] org.hibernate.orm.deprecation            : HHH90000026: SQLServer2012Dialect has been deprecated; use org.hibernate.dialect.SQLServerDialect instead
2025-03-10T10:08:40.789-05:00  INFO 43488 --- [dalp] [restartedMain] org.hibernate.orm.connections.pooling    : HHH10001005: Database info:
	Database JDBC URL [Connecting through datasource 'HikariDataSource (HikariPool-1)']
	Database driver: undefined/unknown
	Database version: 11.0
	Autocommit mode: undefined/unknown
	Isolation level: undefined/unknown
	Minimum pool size: undefined/unknown
	Maximum pool size: undefined/unknown
2025-03-10T10:08:42.124-05:00  INFO 43488 --- [dalp] [restartedMain] o.h.e.t.j.p.i.JtaPlatformInitiator       : HHH000489: No JTA platform available (set 'hibernate.transaction.jta.platform' to enable JTA platform integration)
2025-03-10T10:08:45.120-05:00  INFO 43488 --- [dalp] [restartedMain] j.LocalContainerEntityManagerFactoryBean : Initialized JPA EntityManagerFactory for persistence unit 'default'
2025-03-10T10:08:45.514-05:00  INFO 43488 --- [dalp] [restartedMain] o.s.d.j.r.query.QueryEnhancerFactory     : Hibernate is in classpath; If applicable, HQL parser will be used.
2025-03-10T10:08:46.395-05:00  WARN 43488 --- [dalp] [restartedMain] JpaBaseConfiguration$JpaWebConfiguration : spring.jpa.open-in-view is enabled by default. Therefore, database queries may be performed during view rendering. Explicitly configure spring.jpa.open-in-view to disable this warning
2025-03-10T10:08:46.420-05:00  INFO 43488 --- [dalp] [restartedMain] r$InitializeUserDetailsManagerConfigurer : Global AuthenticationManager configured with UserDetailsService bean with name userDetailsService
2025-03-10T10:08:46.790-05:00 DEBUG 43488 --- [dalp] [restartedMain] o.s.s.web.DefaultSecurityFilterChain     : Will secure any request with filters: DisableEncodeUrlFilter, WebAsyncManagerIntegrationFilter, SecurityContextHolderFilter, HeaderWriterFilter, LogoutFilter, RequestCacheAwareFilter, SecurityContextHolderAwareRequestFilter, AnonymousAuthenticationFilter, ExceptionTranslationFilter, AuthorizationFilter
2025-03-10T10:08:46.853-05:00  INFO 43488 --- [dalp] [restartedMain] o.s.v.b.OptionalValidatorFactoryBean     : Failed to set up a Bean Validation provider: jakarta.validation.NoProviderFoundException: Unable to create a Configuration, because no Jakarta Bean Validation provider could be found. Add a provider like Hibernate Validator (RI) to your classpath.
2025-03-10T10:08:47.039-05:00  INFO 43488 --- [dalp] [restartedMain] o.s.b.d.a.OptionalLiveReloadServer       : LiveReload server is running on port 35729
2025-03-10T10:08:47.074-05:00  INFO 43488 --- [dalp] [restartedMain] o.s.b.w.embedded.tomcat.TomcatWebServer  : Tomcat started on port 8080 (http) with context path '/'
2025-03-10T10:08:47.087-05:00  INFO 43488 --- [dalp] [restartedMain] com.prestamo.dalp.DalpApplication        : Started DalpApplication in 10.404 seconds (process running for 10.918)
2025-03-10T10:10:01.163-05:00  INFO 43488 --- [dalp] [http-nio-8080-exec-1] o.a.c.c.C.[Tomcat].[localhost].[/]       : Initializing Spring DispatcherServlet 'dispatcherServlet'
2025-03-10T10:10:01.163-05:00  INFO 43488 --- [dalp] [http-nio-8080-exec-1] o.s.web.servlet.DispatcherServlet        : Initializing Servlet 'dispatcherServlet'
2025-03-10T10:10:01.165-05:00  INFO 43488 --- [dalp] [http-nio-8080-exec-1] o.s.web.servlet.DispatcherServlet        : Completed initialization in 1 ms
2025-03-10T10:10:01.192-05:00 DEBUG 43488 --- [dalp] [http-nio-8080-exec-1] o.s.security.web.FilterChainProxy        : Securing GET /api/clients
2025-03-10T10:10:01.203-05:00 DEBUG 43488 --- [dalp] [http-nio-8080-exec-1] o.s.security.web.FilterChainProxy        : Secured GET /api/clients
2025-03-10T10:10:01.529-05:00 DEBUG 43488 --- [dalp] [http-nio-8080-exec-1] o.s.s.w.a.AnonymousAuthenticationFilter  : Set SecurityContextHolder to anonymous SecurityContext
2025-03-10T10:10:05.194-05:00 DEBUG 43488 --- [dalp] [http-nio-8080-exec-2] o.s.security.web.FilterChainProxy        : Securing OPTIONS /api/group-payments
2025-03-10T10:10:05.195-05:00 DEBUG 43488 --- [dalp] [http-nio-8080-exec-2] o.s.security.web.FilterChainProxy        : Secured OPTIONS /api/group-payments
2025-03-10T10:10:05.197-05:00 DEBUG 43488 --- [dalp] [http-nio-8080-exec-2] o.s.s.w.a.AnonymousAuthenticationFilter  : Set SecurityContextHolder to anonymous SecurityContext
2025-03-10T10:10:05.207-05:00 DEBUG 43488 --- [dalp] [http-nio-8080-exec-3] o.s.security.web.FilterChainProxy        : Securing POST /api/group-payments
2025-03-10T10:10:05.208-05:00 DEBUG 43488 --- [dalp] [http-nio-8080-exec-3] o.s.security.web.FilterChainProxy        : Secured POST /api/group-payments
2025-03-10T10:10:05.371-05:00 DEBUG 43488 --- [dalp] [http-nio-8080-exec-3] o.s.s.w.a.AnonymousAuthenticationFilter  : Set SecurityContextHolder to anonymous SecurityContext
2025-03-10T10:10:05.397-05:00 DEBUG 43488 --- [dalp] [http-nio-8080-exec-4] o.s.security.web.FilterChainProxy        : Securing GET /api/group-payments
2025-03-10T10:10:05.399-05:00 DEBUG 43488 --- [dalp] [http-nio-8080-exec-4] o.s.security.web.FilterChainProxy        : Secured GET /api/group-payments
2025-03-10T10:10:05.440-05:00 DEBUG 43488 --- [dalp] [http-nio-8080-exec-4] o.s.s.w.a.AnonymousAuthenticationFilter  : Set SecurityContextHolder to anonymous SecurityContext
2025-03-10T10:10:07.521-05:00 DEBUG 43488 --- [dalp] [http-nio-8080-exec-5] o.s.security.web.FilterChainProxy        : Securing GET /api/group-payments/1
2025-03-10T10:10:07.522-05:00 DEBUG 43488 --- [dalp] [http-nio-8080-exec-5] o.s.security.web.FilterChainProxy        : Secured GET /api/group-payments/1
2025-03-10T10:10:07.543-05:00 DEBUG 43488 --- [dalp] [http-nio-8080-exec-5] o.s.s.w.a.AnonymousAuthenticationFilter  : Set SecurityContextHolder to anonymous SecurityContext
2025-03-10T10:10:15.714-05:00 DEBUG 43488 --- [dalp] [http-nio-8080-exec-6] o.s.security.web.FilterChainProxy        : Securing GET /api/clients
2025-03-10T10:10:15.715-05:00 DEBUG 43488 --- [dalp] [http-nio-8080-exec-6] o.s.security.web.FilterChainProxy        : Secured GET /api/clients
2025-03-10T10:10:15.753-05:00 DEBUG 43488 --- [dalp] [http-nio-8080-exec-6] o.s.s.w.a.AnonymousAuthenticationFilter  : Set SecurityContextHolder to anonymous SecurityContext
2025-03-10T10:10:25.829-05:00 DEBUG 43488 --- [dalp] [http-nio-8080-exec-7] o.s.security.web.FilterChainProxy        : Securing OPTIONS /api/group-payments/1
2025-03-10T10:10:25.830-05:00 DEBUG 43488 --- [dalp] [http-nio-8080-exec-7] o.s.security.web.FilterChainProxy        : Secured OPTIONS /api/group-payments/1
2025-03-10T10:10:25.834-05:00 DEBUG 43488 --- [dalp] [http-nio-8080-exec-7] o.s.s.w.a.AnonymousAuthenticationFilter  : Set SecurityContextHolder to anonymous SecurityContext
2025-03-10T10:10:25.844-05:00 DEBUG 43488 --- [dalp] [http-nio-8080-exec-8] o.s.security.web.FilterChainProxy        : Securing PUT /api/group-payments/1
2025-03-10T10:10:25.845-05:00 DEBUG 43488 --- [dalp] [http-nio-8080-exec-8] o.s.security.web.FilterChainProxy        : Secured PUT /api/group-payments/1
2025-03-10T10:10:25.898-05:00 DEBUG 43488 --- [dalp] [http-nio-8080-exec-8] o.s.s.w.a.AnonymousAuthenticationFilter  : Set SecurityContextHolder to anonymous SecurityContext
2025-03-10T10:19:14.397-05:00 DEBUG 43488 --- [dalp] [http-nio-8080-exec-10] o.s.security.web.FilterChainProxy        : Securing GET /api/group-payments/1
2025-03-10T10:19:14.466-05:00 DEBUG 43488 --- [dalp] [http-nio-8080-exec-10] o.s.security.web.FilterChainProxy        : Secured GET /api/group-payments/1
2025-03-10T10:19:14.934-05:00 DEBUG 43488 --- [dalp] [http-nio-8080-exec-10] o.s.s.w.a.AnonymousAuthenticationFilter  : Set SecurityContextHolder to anonymous SecurityContext
2025-03-10T10:19:14.961-05:00 DEBUG 43488 --- [dalp] [http-nio-8080-exec-1] o.s.security.web.FilterChainProxy        : Securing GET /api/clients/2
2025-03-10T10:19:14.963-05:00 DEBUG 43488 --- [dalp] [http-nio-8080-exec-1] o.s.security.web.FilterChainProxy        : Secured GET /api/clients/2
2025-03-10T10:19:15.142-05:00 DEBUG 43488 --- [dalp] [http-nio-8080-exec-1] o.s.s.w.a.AnonymousAuthenticationFilter  : Set SecurityContextHolder to anonymous SecurityContext
2025-03-10T10:19:40.134-05:00  WARN 43488 --- [dalp] [HikariPool-1 housekeeper] com.zaxxer.hikari.pool.HikariPool        : HikariPool-1 - Thread starvation or clock leap detected (housekeeper delta=59s142ms334µs800ns).
2025-03-10T10:25:10.948-05:00 DEBUG 43488 --- [dalp] [http-nio-8080-exec-3] o.s.security.web.FilterChainProxy        : Securing GET /api/group-payments/1
2025-03-10T10:25:10.978-05:00 DEBUG 43488 --- [dalp] [http-nio-8080-exec-3] o.s.security.web.FilterChainProxy        : Secured GET /api/group-payments/1
2025-03-10T10:25:11.316-05:00 DEBUG 43488 --- [dalp] [http-nio-8080-exec-3] o.s.s.w.a.AnonymousAuthenticationFilter  : Set SecurityContextHolder to anonymous SecurityContext
2025-03-10T10:25:11.497-05:00 DEBUG 43488 --- [dalp] [http-nio-8080-exec-4] o.s.security.web.FilterChainProxy        : Securing GET /api/clients/2
2025-03-10T10:25:11.601-05:00 DEBUG 43488 --- [dalp] [http-nio-8080-exec-4] o.s.security.web.FilterChainProxy        : Secured GET /api/clients/2
2025-03-10T10:25:11.853-05:00 DEBUG 43488 --- [dalp] [http-nio-8080-exec-4] o.s.s.w.a.AnonymousAuthenticationFilter  : Set SecurityContextHolder to anonymous SecurityContext
2025-03-10T10:25:12.462-05:00  WARN 43488 --- [dalp] [HikariPool-1 housekeeper] com.zaxxer.hikari.pool.HikariPool        : HikariPool-1 - Thread starvation or clock leap detected (housekeeper delta=1m2s254ms823µs200ns).
2025-03-10T10:30:26.576-05:00  INFO 43488 --- [dalp] [SpringApplicationShutdownHook] o.s.b.w.e.tomcat.GracefulShutdown        : Commencing graceful shutdown. Waiting for active requests to complete
2025-03-10T10:30:26.595-05:00  INFO 43488 --- [dalp] [tomcat-shutdown] o.s.b.w.e.tomcat.GracefulShutdown        : Graceful shutdown complete
2025-03-10T10:30:26.599-05:00  INFO 43488 --- [dalp] [SpringApplicationShutdownHook] j.LocalContainerEntityManagerFactoryBean : Closing JPA EntityManagerFactory for persistence unit 'default'
2025-03-10T10:30:26.603-05:00  INFO 43488 --- [dalp] [SpringApplicationShutdownHook] com.zaxxer.hikari.HikariDataSource       : HikariPool-1 - Shutdown initiated...
2025-03-10T10:30:26.610-05:00  INFO 43488 --- [dalp] [SpringApplicationShutdownHook] com.zaxxer.hikari.HikariDataSource       : HikariPool-1 - Shutdown completed.
2025-03-10T10:30:43.188-05:00  INFO 34244 --- [dalp] [restartedMain] com.prestamo.dalp.DalpApplication        : Starting DalpApplication using Java 21.0.2 with PID 34244 (C:\CrediDalpBackend\target\classes started by dayer in C:\CrediDalpBackend)
2025-03-10T10:30:43.191-05:00  INFO 34244 --- [dalp] [restartedMain] com.prestamo.dalp.DalpApplication        : No active profile set, falling back to 1 default profile: "default"
2025-03-10T10:30:43.248-05:00  INFO 34244 --- [dalp] [restartedMain] .e.DevToolsPropertyDefaultsPostProcessor : Devtools property defaults active! Set 'spring.devtools.add-properties' to 'false' to disable
2025-03-10T10:30:43.249-05:00  INFO 34244 --- [dalp] [restartedMain] .e.DevToolsPropertyDefaultsPostProcessor : For additional web related logging consider setting the 'logging.level.web' property to 'DEBUG'
2025-03-10T10:30:44.362-05:00  INFO 34244 --- [dalp] [restartedMain] .s.d.r.c.RepositoryConfigurationDelegate : Bootstrapping Spring Data JPA repositories in DEFAULT mode.
2025-03-10T10:30:44.530-05:00  INFO 34244 --- [dalp] [restartedMain] .s.d.r.c.RepositoryConfigurationDelegate : Finished Spring Data repository scanning in 151 ms. Found 10 JPA repository interfaces.
2025-03-10T10:30:45.851-05:00  INFO 34244 --- [dalp] [restartedMain] o.s.b.w.embedded.tomcat.TomcatWebServer  : Tomcat initialized with port 8080 (http)
2025-03-10T10:30:45.889-05:00  INFO 34244 --- [dalp] [restartedMain] o.apache.catalina.core.StandardService   : Starting service [Tomcat]
2025-03-10T10:30:45.891-05:00  INFO 34244 --- [dalp] [restartedMain] o.apache.catalina.core.StandardEngine    : Starting Servlet engine: [Apache Tomcat/10.1.36]
2025-03-10T10:30:46.022-05:00  INFO 34244 --- [dalp] [restartedMain] o.a.c.c.C.[Tomcat].[localhost].[/]       : Initializing Spring embedded WebApplicationContext
2025-03-10T10:30:46.024-05:00  INFO 34244 --- [dalp] [restartedMain] w.s.c.ServletWebServerApplicationContext : Root WebApplicationContext: initialization completed in 2774 ms
2025-03-10T10:30:46.650-05:00  INFO 34244 --- [dalp] [restartedMain] o.hibernate.jpa.internal.util.LogHelper  : HHH000204: Processing PersistenceUnitInfo [name: default]
2025-03-10T10:30:46.866-05:00  INFO 34244 --- [dalp] [restartedMain] org.hibernate.Version                    : HHH000412: Hibernate ORM core version 6.6.8.Final
2025-03-10T10:30:46.981-05:00  INFO 34244 --- [dalp] [restartedMain] o.h.c.internal.RegionFactoryInitiator    : HHH000026: Second-level cache disabled
2025-03-10T10:30:48.171-05:00  INFO 34244 --- [dalp] [restartedMain] o.s.o.j.p.SpringPersistenceUnitInfo      : No LoadTimeWeaver setup: ignoring JPA class transformer
2025-03-10T10:30:48.260-05:00  INFO 34244 --- [dalp] [restartedMain] com.zaxxer.hikari.HikariDataSource       : HikariPool-1 - Starting...
2025-03-10T10:30:49.164-05:00  INFO 34244 --- [dalp] [restartedMain] com.zaxxer.hikari.pool.HikariPool        : HikariPool-1 - Added connection ConnectionID:1 ClientConnectionId: f29468bc-9185-4974-9325-ef7dd96f2007
2025-03-10T10:30:49.169-05:00  INFO 34244 --- [dalp] [restartedMain] com.zaxxer.hikari.HikariDataSource       : HikariPool-1 - Start completed.
2025-03-10T10:30:49.225-05:00  WARN 34244 --- [dalp] [restartedMain] org.hibernate.orm.deprecation            : HHH90000025: SQLServer2012Dialect does not need to be specified explicitly using 'hibernate.dialect' (remove the property setting and it will be selected by default)
2025-03-10T10:30:49.228-05:00  WARN 34244 --- [dalp] [restartedMain] org.hibernate.orm.deprecation            : HHH90000026: SQLServer2012Dialect has been deprecated; use org.hibernate.dialect.SQLServerDialect instead
2025-03-10T10:30:49.280-05:00  INFO 34244 --- [dalp] [restartedMain] org.hibernate.orm.connections.pooling    : HHH10001005: Database info:
	Database JDBC URL [Connecting through datasource 'HikariDataSource (HikariPool-1)']
	Database driver: undefined/unknown
	Database version: 11.0
	Autocommit mode: undefined/unknown
	Isolation level: undefined/unknown
	Minimum pool size: undefined/unknown
	Maximum pool size: undefined/unknown
2025-03-10T10:30:53.343-05:00  INFO 34244 --- [dalp] [restartedMain] o.h.e.t.j.p.i.JtaPlatformInitiator       : HHH000489: No JTA platform available (set 'hibernate.transaction.jta.platform' to enable JTA platform integration)
2025-03-10T10:30:55.055-05:00  INFO 34244 --- [dalp] [restartedMain] j.LocalContainerEntityManagerFactoryBean : Initialized JPA EntityManagerFactory for persistence unit 'default'
2025-03-10T10:30:55.688-05:00  INFO 34244 --- [dalp] [restartedMain] o.s.d.j.r.query.QueryEnhancerFactory     : Hibernate is in classpath; If applicable, HQL parser will be used.
2025-03-10T10:30:56.925-05:00  WARN 34244 --- [dalp] [restartedMain] JpaBaseConfiguration$JpaWebConfiguration : spring.jpa.open-in-view is enabled by default. Therefore, database queries may be performed during view rendering. Explicitly configure spring.jpa.open-in-view to disable this warning
2025-03-10T10:30:56.964-05:00  INFO 34244 --- [dalp] [restartedMain] r$InitializeUserDetailsManagerConfigurer : Global AuthenticationManager configured with UserDetailsService bean with name userDetailsService
2025-03-10T10:30:57.457-05:00 DEBUG 34244 --- [dalp] [restartedMain] o.s.s.web.DefaultSecurityFilterChain     : Will secure any request with filters: DisableEncodeUrlFilter, WebAsyncManagerIntegrationFilter, SecurityContextHolderFilter, HeaderWriterFilter, LogoutFilter, RequestCacheAwareFilter, SecurityContextHolderAwareRequestFilter, AnonymousAuthenticationFilter, ExceptionTranslationFilter, AuthorizationFilter
2025-03-10T10:30:57.523-05:00  INFO 34244 --- [dalp] [restartedMain] o.s.v.b.OptionalValidatorFactoryBean     : Failed to set up a Bean Validation provider: jakarta.validation.NoProviderFoundException: Unable to create a Configuration, because no Jakarta Bean Validation provider could be found. Add a provider like Hibernate Validator (RI) to your classpath.
2025-03-10T10:30:57.904-05:00  INFO 34244 --- [dalp] [restartedMain] o.s.b.d.a.OptionalLiveReloadServer       : LiveReload server is running on port 35729
2025-03-10T10:30:57.971-05:00  INFO 34244 --- [dalp] [restartedMain] o.s.b.w.embedded.tomcat.TomcatWebServer  : Tomcat started on port 8080 (http) with context path '/'
2025-03-10T10:30:57.990-05:00  INFO 34244 --- [dalp] [restartedMain] com.prestamo.dalp.DalpApplication        : Started DalpApplication in 15.339 seconds (process running for 15.789)
2025-03-10T10:31:30.040-05:00  INFO 34244 --- [dalp] [http-nio-8080-exec-1] o.a.c.c.C.[Tomcat].[localhost].[/]       : Initializing Spring DispatcherServlet 'dispatcherServlet'
2025-03-10T10:31:30.041-05:00  INFO 34244 --- [dalp] [http-nio-8080-exec-1] o.s.web.servlet.DispatcherServlet        : Initializing Servlet 'dispatcherServlet'
2025-03-10T10:31:30.046-05:00  INFO 34244 --- [dalp] [http-nio-8080-exec-1] o.s.web.servlet.DispatcherServlet        : Completed initialization in 4 ms
2025-03-10T10:31:30.078-05:00 DEBUG 34244 --- [dalp] [http-nio-8080-exec-1] o.s.security.web.FilterChainProxy        : Securing PUT /api/group-payments/1
2025-03-10T10:31:30.086-05:00 DEBUG 34244 --- [dalp] [http-nio-8080-exec-1] o.s.security.web.FilterChainProxy        : Secured PUT /api/group-payments/1
2025-03-10T10:31:30.487-05:00 DEBUG 34244 --- [dalp] [http-nio-8080-exec-1] o.s.s.w.a.AnonymousAuthenticationFilter  : Set SecurityContextHolder to anonymous SecurityContext
2025-03-10T10:31:35.768-05:00 DEBUG 34244 --- [dalp] [http-nio-8080-exec-2] o.s.security.web.FilterChainProxy        : Securing GET /api/clients
2025-03-10T10:31:35.769-05:00 DEBUG 34244 --- [dalp] [http-nio-8080-exec-2] o.s.security.web.FilterChainProxy        : Secured GET /api/clients
2025-03-10T10:31:35.998-05:00 DEBUG 34244 --- [dalp] [http-nio-8080-exec-2] o.s.s.w.a.AnonymousAuthenticationFilter  : Set SecurityContextHolder to anonymous SecurityContext
2025-03-10T10:31:58.037-05:00 DEBUG 34244 --- [dalp] [http-nio-8080-exec-3] o.s.security.web.FilterChainProxy        : Securing PUT /api/group-payments/1
2025-03-10T10:31:58.038-05:00 DEBUG 34244 --- [dalp] [http-nio-8080-exec-3] o.s.security.web.FilterChainProxy        : Secured PUT /api/group-payments/1
2025-03-10T10:31:58.148-05:00 DEBUG 34244 --- [dalp] [http-nio-8080-exec-3] o.s.s.w.a.AnonymousAuthenticationFilter  : Set SecurityContextHolder to anonymous SecurityContext
2025-03-10T10:32:29.220-05:00 DEBUG 34244 --- [dalp] [http-nio-8080-exec-4] o.s.security.web.FilterChainProxy        : Securing GET /api/clients
2025-03-10T10:32:29.221-05:00 DEBUG 34244 --- [dalp] [http-nio-8080-exec-4] o.s.security.web.FilterChainProxy        : Secured GET /api/clients
2025-03-10T10:32:29.289-05:00 DEBUG 34244 --- [dalp] [http-nio-8080-exec-4] o.s.s.w.a.AnonymousAuthenticationFilter  : Set SecurityContextHolder to anonymous SecurityContext
2025-03-10T10:32:42.105-05:00 DEBUG 34244 --- [dalp] [http-nio-8080-exec-5] o.s.security.web.FilterChainProxy        : Securing PUT /api/group-payments/1
2025-03-10T10:32:42.107-05:00 DEBUG 34244 --- [dalp] [http-nio-8080-exec-5] o.s.security.web.FilterChainProxy        : Secured PUT /api/group-payments/1
2025-03-10T10:32:42.158-05:00 DEBUG 34244 --- [dalp] [http-nio-8080-exec-5] o.s.s.w.a.AnonymousAuthenticationFilter  : Set SecurityContextHolder to anonymous SecurityContext
2025-03-10T10:32:45.197-05:00 DEBUG 34244 --- [dalp] [http-nio-8080-exec-6] o.s.security.web.FilterChainProxy        : Securing GET /api/group-payments/1
2025-03-10T10:32:45.204-05:00 DEBUG 34244 --- [dalp] [http-nio-8080-exec-6] o.s.security.web.FilterChainProxy        : Secured GET /api/group-payments/1
2025-03-10T10:32:45.234-05:00 DEBUG 34244 --- [dalp] [http-nio-8080-exec-6] o.s.s.w.a.AnonymousAuthenticationFilter  : Set SecurityContextHolder to anonymous SecurityContext
2025-03-10T10:32:45.245-05:00 DEBUG 34244 --- [dalp] [http-nio-8080-exec-7] o.s.security.web.FilterChainProxy        : Securing GET /api/clients/2
2025-03-10T10:32:45.246-05:00 DEBUG 34244 --- [dalp] [http-nio-8080-exec-8] o.s.security.web.FilterChainProxy        : Securing GET /api/clients/4
2025-03-10T10:32:45.246-05:00 DEBUG 34244 --- [dalp] [http-nio-8080-exec-7] o.s.security.web.FilterChainProxy        : Secured GET /api/clients/2
2025-03-10T10:32:45.248-05:00 DEBUG 34244 --- [dalp] [http-nio-8080-exec-8] o.s.security.web.FilterChainProxy        : Secured GET /api/clients/4
2025-03-10T10:32:45.284-05:00 DEBUG 34244 --- [dalp] [http-nio-8080-exec-8] o.s.s.w.a.AnonymousAuthenticationFilter  : Set SecurityContextHolder to anonymous SecurityContext
2025-03-10T10:32:45.285-05:00 DEBUG 34244 --- [dalp] [http-nio-8080-exec-7] o.s.s.w.a.AnonymousAuthenticationFilter  : Set SecurityContextHolder to anonymous SecurityContext
2025-03-10T10:34:11.849-05:00 DEBUG 34244 --- [dalp] [http-nio-8080-exec-1] o.s.security.web.FilterChainProxy        : Securing PUT /api/group-payments/1
2025-03-10T10:34:11.851-05:00 DEBUG 34244 --- [dalp] [http-nio-8080-exec-1] o.s.security.web.FilterChainProxy        : Secured PUT /api/group-payments/1
2025-03-10T10:34:11.900-05:00 DEBUG 34244 --- [dalp] [http-nio-8080-exec-1] o.s.s.w.a.AnonymousAuthenticationFilter  : Set SecurityContextHolder to anonymous SecurityContext
2025-03-10T10:35:17.142-05:00  INFO 34244 --- [dalp] [SpringApplicationShutdownHook] o.s.b.w.e.tomcat.GracefulShutdown        : Commencing graceful shutdown. Waiting for active requests to complete
2025-03-10T10:35:17.156-05:00  INFO 34244 --- [dalp] [tomcat-shutdown] o.s.b.w.e.tomcat.GracefulShutdown        : Graceful shutdown complete
2025-03-10T10:35:17.163-05:00  INFO 34244 --- [dalp] [SpringApplicationShutdownHook] j.LocalContainerEntityManagerFactoryBean : Closing JPA EntityManagerFactory for persistence unit 'default'
2025-03-10T10:35:17.168-05:00  INFO 34244 --- [dalp] [SpringApplicationShutdownHook] com.zaxxer.hikari.HikariDataSource       : HikariPool-1 - Shutdown initiated...
2025-03-10T10:35:17.177-05:00  INFO 34244 --- [dalp] [SpringApplicationShutdownHook] com.zaxxer.hikari.HikariDataSource       : HikariPool-1 - Shutdown completed.
2025-03-10T10:35:36.146-05:00  INFO 16080 --- [dalp] [restartedMain] com.prestamo.dalp.DalpApplication        : Starting DalpApplication using Java 21.0.2 with PID 16080 (C:\CrediDalpBackend\target\classes started by dayer in C:\CrediDalpBackend)
2025-03-10T10:35:36.148-05:00  INFO 16080 --- [dalp] [restartedMain] com.prestamo.dalp.DalpApplication        : No active profile set, falling back to 1 default profile: "default"
2025-03-10T10:35:36.214-05:00  INFO 16080 --- [dalp] [restartedMain] .e.DevToolsPropertyDefaultsPostProcessor : Devtools property defaults active! Set 'spring.devtools.add-properties' to 'false' to disable
2025-03-10T10:35:36.214-05:00  INFO 16080 --- [dalp] [restartedMain] .e.DevToolsPropertyDefaultsPostProcessor : For additional web related logging consider setting the 'logging.level.web' property to 'DEBUG'
2025-03-10T10:35:37.301-05:00  INFO 16080 --- [dalp] [restartedMain] .s.d.r.c.RepositoryConfigurationDelegate : Bootstrapping Spring Data JPA repositories in DEFAULT mode.
2025-03-10T10:35:37.459-05:00  INFO 16080 --- [dalp] [restartedMain] .s.d.r.c.RepositoryConfigurationDelegate : Finished Spring Data repository scanning in 139 ms. Found 10 JPA repository interfaces.
2025-03-10T10:35:38.931-05:00  INFO 16080 --- [dalp] [restartedMain] o.s.b.w.embedded.tomcat.TomcatWebServer  : Tomcat initialized with port 8080 (http)
2025-03-10T10:35:38.970-05:00  INFO 16080 --- [dalp] [restartedMain] o.apache.catalina.core.StandardService   : Starting service [Tomcat]
2025-03-10T10:35:38.972-05:00  INFO 16080 --- [dalp] [restartedMain] o.apache.catalina.core.StandardEngine    : Starting Servlet engine: [Apache Tomcat/10.1.36]
2025-03-10T10:35:39.083-05:00  INFO 16080 --- [dalp] [restartedMain] o.a.c.c.C.[Tomcat].[localhost].[/]       : Initializing Spring embedded WebApplicationContext
2025-03-10T10:35:39.085-05:00  INFO 16080 --- [dalp] [restartedMain] w.s.c.ServletWebServerApplicationContext : Root WebApplicationContext: initialization completed in 2870 ms
2025-03-10T10:35:39.508-05:00  INFO 16080 --- [dalp] [restartedMain] o.hibernate.jpa.internal.util.LogHelper  : HHH000204: Processing PersistenceUnitInfo [name: default]
2025-03-10T10:35:39.648-05:00  INFO 16080 --- [dalp] [restartedMain] org.hibernate.Version                    : HHH000412: Hibernate ORM core version 6.6.8.Final
2025-03-10T10:35:39.724-05:00  INFO 16080 --- [dalp] [restartedMain] o.h.c.internal.RegionFactoryInitiator    : HHH000026: Second-level cache disabled
2025-03-10T10:35:40.207-05:00  INFO 16080 --- [dalp] [restartedMain] o.s.o.j.p.SpringPersistenceUnitInfo      : No LoadTimeWeaver setup: ignoring JPA class transformer
2025-03-10T10:35:40.253-05:00  INFO 16080 --- [dalp] [restartedMain] com.zaxxer.hikari.HikariDataSource       : HikariPool-1 - Starting...
2025-03-10T10:35:40.740-05:00  INFO 16080 --- [dalp] [restartedMain] com.zaxxer.hikari.pool.HikariPool        : HikariPool-1 - Added connection ConnectionID:1 ClientConnectionId: 7f6512f0-e12f-4094-a6ac-64ca4798c8cd
2025-03-10T10:35:40.743-05:00  INFO 16080 --- [dalp] [restartedMain] com.zaxxer.hikari.HikariDataSource       : HikariPool-1 - Start completed.
2025-03-10T10:35:40.775-05:00  WARN 16080 --- [dalp] [restartedMain] org.hibernate.orm.deprecation            : HHH90000025: SQLServer2012Dialect does not need to be specified explicitly using 'hibernate.dialect' (remove the property setting and it will be selected by default)
2025-03-10T10:35:40.777-05:00  WARN 16080 --- [dalp] [restartedMain] org.hibernate.orm.deprecation            : HHH90000026: SQLServer2012Dialect has been deprecated; use org.hibernate.dialect.SQLServerDialect instead
2025-03-10T10:35:40.810-05:00  INFO 16080 --- [dalp] [restartedMain] org.hibernate.orm.connections.pooling    : HHH10001005: Database info:
	Database JDBC URL [Connecting through datasource 'HikariDataSource (HikariPool-1)']
	Database driver: undefined/unknown
	Database version: 11.0
	Autocommit mode: undefined/unknown
	Isolation level: undefined/unknown
	Minimum pool size: undefined/unknown
	Maximum pool size: undefined/unknown
2025-03-10T10:35:42.266-05:00  INFO 16080 --- [dalp] [restartedMain] o.h.e.t.j.p.i.JtaPlatformInitiator       : HHH000489: No JTA platform available (set 'hibernate.transaction.jta.platform' to enable JTA platform integration)
2025-03-10T10:35:43.508-05:00  INFO 16080 --- [dalp] [restartedMain] j.LocalContainerEntityManagerFactoryBean : Initialized JPA EntityManagerFactory for persistence unit 'default'
2025-03-10T10:35:44.000-05:00  INFO 16080 --- [dalp] [restartedMain] o.s.d.j.r.query.QueryEnhancerFactory     : Hibernate is in classpath; If applicable, HQL parser will be used.
2025-03-10T10:35:44.983-05:00  WARN 16080 --- [dalp] [restartedMain] JpaBaseConfiguration$JpaWebConfiguration : spring.jpa.open-in-view is enabled by default. Therefore, database queries may be performed during view rendering. Explicitly configure spring.jpa.open-in-view to disable this warning
2025-03-10T10:35:45.018-05:00  INFO 16080 --- [dalp] [restartedMain] r$InitializeUserDetailsManagerConfigurer : Global AuthenticationManager configured with UserDetailsService bean with name userDetailsService
2025-03-10T10:35:45.398-05:00 DEBUG 16080 --- [dalp] [restartedMain] o.s.s.web.DefaultSecurityFilterChain     : Will secure any request with filters: DisableEncodeUrlFilter, WebAsyncManagerIntegrationFilter, SecurityContextHolderFilter, HeaderWriterFilter, LogoutFilter, RequestCacheAwareFilter, SecurityContextHolderAwareRequestFilter, AnonymousAuthenticationFilter, ExceptionTranslationFilter, AuthorizationFilter
2025-03-10T10:35:45.449-05:00  INFO 16080 --- [dalp] [restartedMain] o.s.v.b.OptionalValidatorFactoryBean     : Failed to set up a Bean Validation provider: jakarta.validation.NoProviderFoundException: Unable to create a Configuration, because no Jakarta Bean Validation provider could be found. Add a provider like Hibernate Validator (RI) to your classpath.
2025-03-10T10:35:45.706-05:00  INFO 16080 --- [dalp] [restartedMain] o.s.b.d.a.OptionalLiveReloadServer       : LiveReload server is running on port 35729
2025-03-10T10:35:45.761-05:00  INFO 16080 --- [dalp] [restartedMain] o.s.b.w.embedded.tomcat.TomcatWebServer  : Tomcat started on port 8080 (http) with context path '/'
2025-03-10T10:35:45.774-05:00  INFO 16080 --- [dalp] [restartedMain] com.prestamo.dalp.DalpApplication        : Started DalpApplication in 10.129 seconds (process running for 10.731)
2025-03-10T10:35:51.492-05:00  INFO 16080 --- [dalp] [http-nio-8080-exec-1] o.a.c.c.C.[Tomcat].[localhost].[/]       : Initializing Spring DispatcherServlet 'dispatcherServlet'
2025-03-10T10:35:51.493-05:00  INFO 16080 --- [dalp] [http-nio-8080-exec-1] o.s.web.servlet.DispatcherServlet        : Initializing Servlet 'dispatcherServlet'
2025-03-10T10:35:51.495-05:00  INFO 16080 --- [dalp] [http-nio-8080-exec-1] o.s.web.servlet.DispatcherServlet        : Completed initialization in 2 ms
2025-03-10T10:35:51.520-05:00 DEBUG 16080 --- [dalp] [http-nio-8080-exec-1] o.s.security.web.FilterChainProxy        : Securing GET /api/clients
2025-03-10T10:35:51.534-05:00 DEBUG 16080 --- [dalp] [http-nio-8080-exec-1] o.s.security.web.FilterChainProxy        : Secured GET /api/clients
2025-03-10T10:35:51.866-05:00 DEBUG 16080 --- [dalp] [http-nio-8080-exec-1] o.s.s.w.a.AnonymousAuthenticationFilter  : Set SecurityContextHolder to anonymous SecurityContext
2025-03-10T10:36:01.994-05:00 DEBUG 16080 --- [dalp] [http-nio-8080-exec-2] o.s.security.web.FilterChainProxy        : Securing PUT /api/group-payments/1
2025-03-10T10:36:01.995-05:00 DEBUG 16080 --- [dalp] [http-nio-8080-exec-2] o.s.security.web.FilterChainProxy        : Secured PUT /api/group-payments/1
2025-03-10T10:36:02.182-05:00 DEBUG 16080 --- [dalp] [http-nio-8080-exec-2] o.s.s.w.a.AnonymousAuthenticationFilter  : Set SecurityContextHolder to anonymous SecurityContext
2025-03-10T10:36:15.108-05:00 DEBUG 16080 --- [dalp] [http-nio-8080-exec-3] o.s.security.web.FilterChainProxy        : Securing PUT /api/group-payments/1
2025-03-10T10:36:15.109-05:00 DEBUG 16080 --- [dalp] [http-nio-8080-exec-3] o.s.security.web.FilterChainProxy        : Secured PUT /api/group-payments/1
2025-03-10T10:36:15.164-05:00 DEBUG 16080 --- [dalp] [http-nio-8080-exec-3] o.s.s.w.a.AnonymousAuthenticationFilter  : Set SecurityContextHolder to anonymous SecurityContext
2025-03-10T10:43:30.851-05:00 DEBUG 16080 --- [dalp] [http-nio-8080-exec-7] o.s.security.web.FilterChainProxy        : Securing GET /api/group-payments/1
2025-03-10T10:43:30.853-05:00 DEBUG 16080 --- [dalp] [http-nio-8080-exec-7] o.s.security.web.FilterChainProxy        : Secured GET /api/group-payments/1
2025-03-10T10:43:30.955-05:00 DEBUG 16080 --- [dalp] [http-nio-8080-exec-7] o.s.s.w.a.AnonymousAuthenticationFilter  : Set SecurityContextHolder to anonymous SecurityContext
2025-03-10T10:43:30.974-05:00 DEBUG 16080 --- [dalp] [http-nio-8080-exec-6] o.s.security.web.FilterChainProxy        : Securing GET /api/clients/2
2025-03-10T10:43:30.980-05:00 DEBUG 16080 --- [dalp] [http-nio-8080-exec-6] o.s.security.web.FilterChainProxy        : Secured GET /api/clients/2
2025-03-10T10:43:31.049-05:00 DEBUG 16080 --- [dalp] [http-nio-8080-exec-6] o.s.s.w.a.AnonymousAuthenticationFilter  : Set SecurityContextHolder to anonymous SecurityContext
2025-03-10T10:43:37.502-05:00 DEBUG 16080 --- [dalp] [http-nio-8080-exec-5] o.s.security.web.FilterChainProxy        : Securing GET /api/group-payments/1
2025-03-10T10:43:37.504-05:00 DEBUG 16080 --- [dalp] [http-nio-8080-exec-5] o.s.security.web.FilterChainProxy        : Secured GET /api/group-payments/1
2025-03-10T10:43:37.541-05:00 DEBUG 16080 --- [dalp] [http-nio-8080-exec-5] o.s.s.w.a.AnonymousAuthenticationFilter  : Set SecurityContextHolder to anonymous SecurityContext
2025-03-10T10:43:37.570-05:00 DEBUG 16080 --- [dalp] [http-nio-8080-exec-8] o.s.security.web.FilterChainProxy        : Securing GET /api/clients/2
2025-03-10T10:43:37.572-05:00 DEBUG 16080 --- [dalp] [http-nio-8080-exec-8] o.s.security.web.FilterChainProxy        : Secured GET /api/clients/2
2025-03-10T10:43:37.593-05:00 DEBUG 16080 --- [dalp] [http-nio-8080-exec-8] o.s.s.w.a.AnonymousAuthenticationFilter  : Set SecurityContextHolder to anonymous SecurityContext
2025-03-10T10:45:47.875-05:00 DEBUG 16080 --- [dalp] [http-nio-8080-exec-10] o.s.security.web.FilterChainProxy        : Securing GET /api/group-payments/1
2025-03-10T10:45:47.881-05:00 DEBUG 16080 --- [dalp] [http-nio-8080-exec-10] o.s.security.web.FilterChainProxy        : Secured GET /api/group-payments/1
2025-03-10T10:45:47.965-05:00 DEBUG 16080 --- [dalp] [http-nio-8080-exec-10] o.s.s.w.a.AnonymousAuthenticationFilter  : Set SecurityContextHolder to anonymous SecurityContext
2025-03-10T10:45:47.988-05:00 DEBUG 16080 --- [dalp] [http-nio-8080-exec-1] o.s.security.web.FilterChainProxy        : Securing GET /api/clients/2
2025-03-10T10:45:47.998-05:00 DEBUG 16080 --- [dalp] [http-nio-8080-exec-1] o.s.security.web.FilterChainProxy        : Secured GET /api/clients/2
2025-03-10T10:45:48.037-05:00 DEBUG 16080 --- [dalp] [http-nio-8080-exec-1] o.s.s.w.a.AnonymousAuthenticationFilter  : Set SecurityContextHolder to anonymous SecurityContext
2025-03-10T10:45:51.308-05:00 DEBUG 16080 --- [dalp] [http-nio-8080-exec-2] o.s.security.web.FilterChainProxy        : Securing GET /api/group-payments/1
2025-03-10T10:45:51.312-05:00 DEBUG 16080 --- [dalp] [http-nio-8080-exec-2] o.s.security.web.FilterChainProxy        : Secured GET /api/group-payments/1
2025-03-10T10:45:51.375-05:00 DEBUG 16080 --- [dalp] [http-nio-8080-exec-2] o.s.s.w.a.AnonymousAuthenticationFilter  : Set SecurityContextHolder to anonymous SecurityContext
2025-03-10T10:45:51.437-05:00 DEBUG 16080 --- [dalp] [http-nio-8080-exec-3] o.s.security.web.FilterChainProxy        : Securing GET /api/clients/2
2025-03-10T10:45:51.441-05:00 DEBUG 16080 --- [dalp] [http-nio-8080-exec-3] o.s.security.web.FilterChainProxy        : Secured GET /api/clients/2
2025-03-10T10:45:51.493-05:00 DEBUG 16080 --- [dalp] [http-nio-8080-exec-3] o.s.s.w.a.AnonymousAuthenticationFilter  : Set SecurityContextHolder to anonymous SecurityContext
